<?xml version="1.0" encoding="UTF-8"?>
<?xml-model href="link-constraints-mockup.sch" type="application/xml" schematypens="http://purl.oclc.org/dsdl/schematron"?>
<catalog xmlns="http://csrc.nist.gov/ns/oscal/1.0" uuid="869579ff-2f43-4f60-9f88-d753858e6c01">
<!-- Made by stripping down blossom_moderate_profile_resolved.xml   -->
    <metadata>
        <title>NIST BloSS@M Tailored Moderate Baseline</title>
        <last-modified>2024-05-30T18:28:59.688431Z</last-modified>
        <version>0.0.1</version>
        <oscal-version>1.1.2</oscal-version>
        <prop name="resolution-tool" value="libOSCAL-Java" />
        <link
            href="file:///Users/miorga/Desktop/ALL_PROJECTS/GH/blossom-oscal/oscal-content/xml/profile/blossom_moderate_profile.xml"
            rel="source-profile" />
    </metadata>
    <group id="ac" class="family">
        <title>Access Control</title>
        <control id="ac-2" class="SP800-53">
            <title>Account Management</title>
            <param id="ac-02_odp.01">
                <prop name="alt-identifier" value="ac-2_prm_1" />
                <prop name="label" value="AC-02_ODP[01]" class="sp800-53a" />
                <label>prerequisites and criteria</label>
                <guideline>
                    <p>prerequisites and criteria for group and role membership are defined;</p>
                </guideline>
            </param>
            <param id="ac-02_odp.02">
                <prop name="alt-identifier" value="ac-2_prm_2" />
                <prop name="label" value="AC-02_ODP[02]" class="sp800-53a" />
                <label>attributes (as required)</label>
                <guideline>
                    <p>attributes (as required) for each account are defined;</p>
                </guideline>
            </param>
            <param id="ac-02_odp.03">
                <prop name="alt-identifier" value="ac-2_prm_3" />
                <prop name="label" value="AC-02_ODP[03]" class="sp800-53a" />
                <label>personnel or roles</label>
                <guideline>
                    <p>personnel or roles required to approve requests to create accounts is/are
                        defined;</p>
                </guideline>
            </param>
            <param id="ac-02_odp.04">
                <prop name="alt-identifier" value="ac-2_prm_4" />
                <prop name="label" value="AC-02_ODP[04]" class="sp800-53a" />
                <label>policy, procedures, prerequisites, and criteria</label>
                <guideline>
                    <p>policy, procedures, prerequisites, and criteria for account creation,
                        enabling, modification, disabling, and removal are defined;</p>
                </guideline>
            </param>
            <param id="ac-02_odp.05">
                <prop name="alt-identifier" value="ac-2_prm_5" />
                <prop name="label" value="AC-02_ODP[05]" class="sp800-53a" />
                <label>personnel or roles</label>
                <guideline>
                    <p>personnel or roles to be notified is/are defined;</p>
                </guideline>
            </param>
            <param id="ac-02_odp.06">
                <prop name="alt-identifier" value="ac-2_prm_6" />
                <prop name="label" value="AC-02_ODP[06]" class="sp800-53a" />
                <label>time period</label>
                <guideline>
                    <p>time period within which to notify account managers when accounts are no
                        longer required is defined;</p>
                </guideline>
            </param>
            <param id="ac-02_odp.07">
                <prop name="alt-identifier" value="ac-2_prm_7" />
                <prop name="label" value="AC-02_ODP[07]" class="sp800-53a" />
                <label>time period</label>
                <guideline>
                    <p>time period within which to notify account managers when users are terminated
                        or transferred is defined;</p>
                </guideline>
            </param>
            <param id="ac-02_odp.08">
                <prop name="alt-identifier" value="ac-2_prm_8" />
                <prop name="label" value="AC-02_ODP[08]" class="sp800-53a" />
                <label>time period</label>
                <guideline>
                    <p>time period within which to notify account managers when system usage or the
                        need to know changes for an individual is defined;</p>
                </guideline>
            </param>
            <param id="ac-02_odp.09">
                <prop name="alt-identifier" value="ac-2_prm_9" />
                <prop name="label" value="AC-02_ODP[09]" class="sp800-53a" />
                <label>attributes (as required)</label>
                <guideline>
                    <p>attributes needed to authorize system access (as required) are defined;</p>
                </guideline>
            </param>
            <param id="ac-02_odp.10">
                <prop name="alt-identifier" value="ac-2_prm_10" />
                <prop name="label" value="AC-02_ODP[10]" class="sp800-53a" />
                <label>frequency</label>
                <guideline>
                    <p>the frequency of account review is defined;</p>
                </guideline>
            </param>
            <prop name="label" value="AC-02" class="zero-padded" />
            <prop name="label" value="AC-2" />
            <prop name="label" value="AC-02" class="sp800-53a" />
            <prop name="sort-id" value="ac-02" />
            <prop name="implementation-level" ns="http://csrc.nist.gov/ns/rmf" value="organization" />
            <link href="#2956e175-f674-43f4-b1b9-e074ad9fc39c" rel="reference" />
            <link href="#388a3aa2-5d85-4bad-b8a3-77db80d63c4f" rel="reference" />
            <link href="#53df282b-8b3f-483a-bad1-6a8b8ac00114" rel="reference" />
            <link href="#ac-3" rel="related" />
            <link
                href="https://raw.githubusercontent.com/usnistgov/oscal-content/main/nist.gov/SP800-53/rev5/xml/NIST_SP-800-53_rev5_MODERATE-baseline_profile.xml#ac-5"
                rel="related" />
            <link href="#ac-6" rel="related" />
            <link href="#ac-17" rel="related" />
            <link
                href="https://raw.githubusercontent.com/usnistgov/oscal-content/main/nist.gov/SP800-53/rev5/xml/NIST_SP-800-53_rev5_MODERATE-baseline_profile.xml#ac-18"
                rel="related" />
            <link
                href="https://raw.githubusercontent.com/usnistgov/oscal-content/main/nist.gov/SP800-53/rev5/xml/NIST_SP-800-53_rev5_MODERATE-baseline_profile.xml#ac-20"
                rel="related" />
            <link
                href="https://raw.githubusercontent.com/usnistgov/oscal-content/main/nist.gov/SP800-53/rev5/xml/NIST_SP-800-53_rev5_catalog.xml#ac-24"
                rel="related" />
            <link href="#au-2" rel="related" />
            <link href="#au-12" rel="related" />
            <link
                href="https://raw.githubusercontent.com/usnistgov/oscal-content/main/nist.gov/SP800-53/rev5/xml/NIST_SP-800-53_rev5_MODERATE-baseline_profile.xml#cm-5"
                rel="related" />
            <link href="#ia-2" rel="related" />
            <link
                href="https://raw.githubusercontent.com/usnistgov/oscal-content/main/nist.gov/SP800-53/rev5/xml/NIST_SP-800-53_rev5_MODERATE-baseline_profile.xml#ia-4"
                rel="related" />
            <link
                href="https://raw.githubusercontent.com/usnistgov/oscal-content/main/nist.gov/SP800-53/rev5/xml/NIST_SP-800-53_rev5_MODERATE-baseline_profile.xml#ia-5"
                rel="related" />
            <link
                href="https://raw.githubusercontent.com/usnistgov/oscal-content/main/nist.gov/SP800-53/rev5/xml/NIST_SP-800-53_rev5_MODERATE-baseline_profile.xml#ia-8"
                rel="related" />
            <link
                href="https://raw.githubusercontent.com/usnistgov/oscal-content/main/nist.gov/SP800-53/rev5/xml/NIST_SP-800-53_rev5_MODERATE-baseline_profile.xml#ma-3"
                rel="related" />
            <link
                href="https://raw.githubusercontent.com/usnistgov/oscal-content/main/nist.gov/SP800-53/rev5/xml/NIST_SP-800-53_rev5_MODERATE-baseline_profile.xml#ma-5"
                rel="related" />
            <link
                href="https://raw.githubusercontent.com/usnistgov/oscal-content/main/nist.gov/SP800-53/rev5/xml/NIST_SP-800-53_rev5_MODERATE-baseline_profile.xml#pe-2"
                rel="related" />
            <link
                href="https://raw.githubusercontent.com/usnistgov/oscal-content/main/nist.gov/SP800-53/rev5/xml/NIST_SP-800-53_rev5_MODERATE-baseline_profile.xml#pl-4"
                rel="related" />
            <link
                href="https://raw.githubusercontent.com/usnistgov/oscal-content/main/nist.gov/SP800-53/rev5/xml/NIST_SP-800-53_rev5_MODERATE-baseline_profile.xml#ps-2"
                rel="related" />
            <link
                href="https://raw.githubusercontent.com/usnistgov/oscal-content/main/nist.gov/SP800-53/rev5/xml/NIST_SP-800-53_rev5_MODERATE-baseline_profile.xml#ps-4"
                rel="related" />
            <link
                href="https://raw.githubusercontent.com/usnistgov/oscal-content/main/nist.gov/SP800-53/rev5/xml/NIST_SP-800-53_rev5_MODERATE-baseline_profile.xml#ps-5"
                rel="related" />
            <link
                href="https://raw.githubusercontent.com/usnistgov/oscal-content/main/nist.gov/SP800-53/rev5/xml/NIST_SP-800-53_rev5_MODERATE-baseline_profile.xml#ps-7"
                rel="related" />
            <link
                href="https://raw.githubusercontent.com/usnistgov/oscal-content/main/nist.gov/SP800-53/rev5/xml/NIST_SP-800-53_rev5_catalog.xml#pt-2"
                rel="related" />
            <link
                href="https://raw.githubusercontent.com/usnistgov/oscal-content/main/nist.gov/SP800-53/rev5/xml/NIST_SP-800-53_rev5_catalog.xml#pt-3"
                rel="related" />
            <link href="#sc-7" rel="related" />
            <link
                href="https://raw.githubusercontent.com/usnistgov/oscal-content/main/nist.gov/SP800-53/rev5/xml/NIST_SP-800-53_rev5_MODERATE-baseline_profile.xml#sc-12"
                rel="related" />
            <link
                href="https://raw.githubusercontent.com/usnistgov/oscal-content/main/nist.gov/SP800-53/rev5/xml/NIST_SP-800-53_rev5_MODERATE-baseline_profile.xml#sc-13"
                rel="related" />
            <link
                href="https://raw.githubusercontent.com/usnistgov/oscal-content/main/nist.gov/SP800-53/rev5/xml/NIST_SP-800-53_rev5_catalog.xml#sc-37"
                rel="related" />
            <part id="ac-2_smt" name="statement">
                <part id="ac-2_smt.a" name="item">
                    <prop name="label" value="a." />
                    <p>Define and document the types of accounts allowed and specifically prohibited
                        for use within the system;</p>
                </part>
                <part id="ac-2_smt.b" name="item">
                    <prop name="label" value="b." />
                    <p>Assign account managers;</p>
                </part>
                <part id="ac-2_smt.c" name="item">
                    <prop name="label" value="c." />
                    <p>Require <insert type="param" id-ref="ac-02_odp.01" /> for group and role
                        membership;</p>
                </part>
                <part id="ac-2_smt.d" name="item">
                    <prop name="label" value="d." />
                    <p>Specify:</p>
                    <part id="ac-2_smt.d.1" name="item">
                        <prop name="label" value="1." />
                        <p>Authorized users of the system;</p>
                    </part>
                    <part id="ac-2_smt.d.2" name="item">
                        <prop name="label" value="2." />
                        <p>Group and role membership; and</p>
                    </part>
                    <part id="ac-2_smt.d.3" name="item">
                        <prop name="label" value="3." />
                        <p>Access authorizations (i.e., privileges) and <insert type="param"
                                id-ref="ac-02_odp.02" /> for each account;</p>
                    </part>
                </part>
                <part id="ac-2_smt.e" name="item">
                    <prop name="label" value="e." />
                    <p>Require approvals by <insert type="param" id-ref="ac-02_odp.03" /> for
                        requests to create accounts;</p>
                </part>
                <part id="ac-2_smt.f" name="item">
                    <prop name="label" value="f." />
                    <p>Create, enable, modify, disable, and remove accounts in accordance with <insert
                            type="param" id-ref="ac-02_odp.04" />;</p>
                </part>
                <part id="ac-2_smt.g" name="item">
                    <prop name="label" value="g." />
                    <p>Monitor the use of accounts;</p>
                </part>
                <part id="ac-2_smt.h" name="item">
                    <prop name="label" value="h." />
                    <p>Notify account managers and <insert type="param" id-ref="ac-02_odp.05" />
                        within:</p>
                    <part id="ac-2_smt.h.1" name="item">
                        <prop name="label" value="1." />
                        <p><insert type="param" id-ref="ac-02_odp.06" /> when accounts are no longer
                            required;</p>
                    </part>
                    <part id="ac-2_smt.h.2" name="item">
                        <prop name="label" value="2." />
                        <p><insert type="param" id-ref="ac-02_odp.07" /> when users are terminated
                            or transferred; and</p>
                    </part>
                    <part id="ac-2_smt.h.3" name="item">
                        <prop name="label" value="3." />
                        <p><insert type="param" id-ref="ac-02_odp.08" /> when system usage or
                            need-to-know changes for an individual;</p>
                    </part>
                </part>
                <part id="ac-2_smt.i" name="item">
                    <prop name="label" value="i." />
                    <p>Authorize access to the system based on:</p>
                    <part id="ac-2_smt.i.1" name="item">
                        <prop name="label" value="1." />
                        <p>A valid access authorization;</p>
                    </part>
                    <part id="ac-2_smt.i.2" name="item">
                        <prop name="label" value="2." />
                        <p>Intended system usage; and</p>
                    </part>
                    <part id="ac-2_smt.i.3" name="item">
                        <prop name="label" value="3." />
                        <p><insert type="param" id-ref="ac-02_odp.09" />;</p>
                    </part>
                </part>
                <part id="ac-2_smt.j" name="item">
                    <prop name="label" value="j." />
                    <p>Review accounts for compliance with account management requirements <insert
                            type="param" id-ref="ac-02_odp.10" />;</p>
                </part>
                <part id="ac-2_smt.k" name="item">
                    <prop name="label" value="k." />
                    <p>Establish and implement a process for changing shared or group account
                        authenticators (if deployed) when individuals are removed from the group;
                        and</p>
                </part>
                <part id="ac-2_smt.l" name="item">
                    <prop name="label" value="l." />
                    <p>Align account management processes with personnel termination and transfer
                        processes.</p>
                </part>
            </part>
            <part id="ac-2_gdn" name="guidance">
                <p>Examples of system account types include individual, shared, group, system,
                    guest, anonymous, emergency, developer, temporary, and service. Identification
                    of authorized system users and the specification of access privileges reflect
                    the requirements in other controls in the security plan. Users requiring
                    administrative privileges on system accounts receive additional scrutiny by
                    organizational personnel responsible for approving such accounts and privileged
                    access, including system owner, mission or business owner, senior agency
                    information security officer, or senior agency official for privacy. Types of
                    accounts that organizations may wish to prohibit due to increased risk include
                    shared, group, emergency, anonymous, temporary, and guest accounts.</p>
                <p>Where access involves personally identifiable information, security programs
                    collaborate with the senior agency official for privacy to establish the
                    specific conditions for group and role membership; specify authorized users,
                    group and role membership, and access authorizations for each account; and
                    create, adjust, or remove system accounts in accordance with organizational
                    policies. Policies can include such information as account expiration dates or
                    other factors that trigger the disabling of accounts. Organizations may choose
                    to define access privileges or other attributes by account, type of account, or
                    a combination of the two. Examples of other attributes required for authorizing
                    access include restrictions on time of day, day of week, and point of origin. In
                    defining other system account attributes, organizations consider system-related
                    requirements and mission/business requirements. Failure to consider these
                    factors could affect system availability.</p>
                <p>Temporary and emergency accounts are intended for short-term use. Organizations
                    establish temporary accounts as part of normal account activation procedures
                    when there is a need for short-term accounts without the demand for immediacy in
                    account activation. Organizations establish emergency accounts in response to
                    crisis situations and with the need for rapid account activation. Therefore,
                    emergency account activation may bypass normal account authorization processes.
                    Emergency and temporary accounts are not to be confused with infrequently used
                    accounts, including local logon accounts used for special tasks or when network
                    resources are unavailable (may also be known as accounts of last resort). Such
                    accounts remain available and are not subject to automatic disabling or removal
                    dates. Conditions for disabling or deactivating accounts include when
                    shared/group, emergency, or temporary accounts are no longer required and when
                    individuals are transferred or terminated. Changing shared/group authenticators
                    when members leave the group is intended to ensure that former group members do
                    not retain access to the shared or group account. Some types of system accounts
                    may require specialized training.</p>
            </part>
            <part id="ac-2_obj" name="assessment-objective">
                <prop name="label" value="AC-02" class="sp800-53a" />
                <part id="ac-2_obj.a" name="assessment-objective">
                    <prop name="label" value="AC-02a." class="sp800-53a" />
                    <part id="ac-2_obj.a-1" name="assessment-objective">
                        <prop name="label" value="AC-02a.[01]" class="sp800-53a" />
                        <p>account types allowed for use within the system are defined and
                            documented;</p>
                        <link href="#ac-2_smt.a" rel="assessment-for" />
                    </part>
                    <part id="ac-2_obj.a-2" name="assessment-objective">
                        <prop name="label" value="AC-02a.[02]" class="sp800-53a" />
                        <p>account types specifically prohibited for use within the system are
                            defined and documented;</p>
                        <link href="#ac-2_smt.a" rel="assessment-for" />
                    </part>
                    <link href="#ac-2_smt.a" rel="assessment-for" />
                </part>
                <part id="ac-2_obj.b" name="assessment-objective">
                    <prop name="label" value="AC-02b." class="sp800-53a" />
                    <p>account managers are assigned;</p>
                    <link href="#ac-2_smt.b" rel="assessment-for" />
                </part>
                <part id="ac-2_obj.c" name="assessment-objective">
                    <prop name="label" value="AC-02c." class="sp800-53a" />
                    <p><insert type="param" id-ref="ac-02_odp.01" /> for group and role membership
                        are required;</p>
                    <link href="#ac-2_smt.c" rel="assessment-for" />
                </part>
                <part id="ac-2_obj.d" name="assessment-objective">
                    <prop name="label" value="AC-02d." class="sp800-53a" />
                    <part id="ac-2_obj.d.1" name="assessment-objective">
                        <prop name="label" value="AC-02d.01" class="sp800-53a" />
                        <p>authorized users of the system are specified;</p>
                        <link href="#ac-2_smt.d.1" rel="assessment-for" />
                    </part>
                    <part id="ac-2_obj.d.2" name="assessment-objective">
                        <prop name="label" value="AC-02d.02" class="sp800-53a" />
                        <p>group and role membership are specified;</p>
                        <link href="#ac-2_smt.d.2" rel="assessment-for" />
                    </part>
                    <part id="ac-2_obj.d.3" name="assessment-objective">
                        <prop name="label" value="AC-02d.03" class="sp800-53a" />
                        <part id="ac-2_obj.d.3-1" name="assessment-objective">
                            <prop name="label" value="AC-02d.03[01]" class="sp800-53a" />
                            <p>access authorizations (i.e., privileges) are specified for each
                                account;</p>
                            <link href="#ac-2_smt.d.3" rel="assessment-for" />
                        </part>
                        <part id="ac-2_obj.d.3-2" name="assessment-objective">
                            <prop name="label" value="AC-02d.03[02]" class="sp800-53a" />
                            <p><insert type="param" id-ref="ac-02_odp.02" /> are specified for each
                                account;</p>
                            <link href="#ac-2_smt.d.3" rel="assessment-for" />
                        </part>
                        <link href="#ac-2_smt.d.3" rel="assessment-for" />
                    </part>
                    <link href="#ac-2_smt.d" rel="assessment-for" />
                </part>
                <part id="ac-2_obj.e" name="assessment-objective">
                    <prop name="label" value="AC-02e." class="sp800-53a" />
                    <p>approvals are required by <insert type="param" id-ref="ac-02_odp.03" /> for
                        requests to create accounts;</p>
                    <link href="#ac-2_smt.e" rel="assessment-for" />
                </part>
                <part id="ac-2_obj.f" name="assessment-objective">
                    <prop name="label" value="AC-02f." class="sp800-53a" />
                    <part id="ac-2_obj.f-1" name="assessment-objective">
                        <prop name="label" value="AC-02f.[01]" class="sp800-53a" />
                        <p>accounts are created in accordance with <insert type="param"
                                id-ref="ac-02_odp.04" />;</p>
                        <link href="#ac-2_smt.f" rel="assessment-for" />
                    </part>
                    <part id="ac-2_obj.f-2" name="assessment-objective">
                        <prop name="label" value="AC-02f.[02]" class="sp800-53a" />
                        <p>accounts are enabled in accordance with <insert type="param"
                                id-ref="ac-02_odp.04" />;</p>
                        <link href="#ac-2_smt.f" rel="assessment-for" />
                    </part>
                    <part id="ac-2_obj.f-3" name="assessment-objective">
                        <prop name="label" value="AC-02f.[03]" class="sp800-53a" />
                        <p>accounts are modified in accordance with <insert type="param"
                                id-ref="ac-02_odp.04" />;</p>
                        <link href="#ac-2_smt.f" rel="assessment-for" />
                    </part>
                    <part id="ac-2_obj.f-4" name="assessment-objective">
                        <prop name="label" value="AC-02f.[04]" class="sp800-53a" />
                        <p>accounts are disabled in accordance with <insert type="param"
                                id-ref="ac-02_odp.04" />;</p>
                        <link href="#ac-2_smt.f" rel="assessment-for" />
                    </part>
                    <part id="ac-2_obj.f-5" name="assessment-objective">
                        <prop name="label" value="AC-02f.[05]" class="sp800-53a" />
                        <p>accounts are removed in accordance with <insert type="param"
                                id-ref="ac-02_odp.04" />;</p>
                        <link href="#ac-2_smt.f" rel="assessment-for" />
                    </part>
                    <link href="#ac-2_smt.f" rel="assessment-for" />
                </part>
                <part id="ac-2_obj.g" name="assessment-objective">
                    <prop name="label" value="AC-02g." class="sp800-53a" />
                    <p>the use of accounts is monitored;</p>
                    <link href="#ac-2_smt.g" rel="assessment-for" />
                </part>
                <part id="ac-2_obj.h" name="assessment-objective">
                    <prop name="label" value="AC-02h." class="sp800-53a" />
                    <part id="ac-2_obj.h.1" name="assessment-objective">
                        <prop name="label" value="AC-02h.01" class="sp800-53a" />
                        <p>account managers and <insert type="param" id-ref="ac-02_odp.05" /> are
                            notified within <insert type="param" id-ref="ac-02_odp.06" /> when
                            accounts are no longer required;</p>
                        <link href="#ac-2_smt.h.1" rel="assessment-for" />
                    </part>
                    <part id="ac-2_obj.h.2" name="assessment-objective">
                        <prop name="label" value="AC-02h.02" class="sp800-53a" />
                        <p>account managers and <insert type="param" id-ref="ac-02_odp.05" /> are
                            notified within <insert type="param" id-ref="ac-02_odp.07" /> when users
                            are terminated or transferred;</p>
                        <link href="#ac-2_smt.h.2" rel="assessment-for" />
                    </part>
                    <part id="ac-2_obj.h.3" name="assessment-objective">
                        <prop name="label" value="AC-02h.03" class="sp800-53a" />
                        <p>account managers and <insert type="param" id-ref="ac-02_odp.05" /> are
                            notified within <insert type="param" id-ref="ac-02_odp.08" /> when
                            system usage or the need to know changes for an individual;</p>
                        <link href="#ac-2_smt.h.3" rel="assessment-for" />
                    </part>
                    <link href="#ac-2_smt.h" rel="assessment-for" />
                </part>
                <part id="ac-2_obj.i" name="assessment-objective">
                    <prop name="label" value="AC-02i." class="sp800-53a" />
                    <part id="ac-2_obj.i.1" name="assessment-objective">
                        <prop name="label" value="AC-02i.01" class="sp800-53a" />
                        <p>access to the system is authorized based on a valid access authorization;</p>
                        <link href="#ac-2_smt.i.1" rel="assessment-for" />
                    </part>
                    <part id="ac-2_obj.i.2" name="assessment-objective">
                        <prop name="label" value="AC-02i.02" class="sp800-53a" />
                        <p>access to the system is authorized based on intended system usage;</p>
                        <link href="#ac-2_smt.i.2" rel="assessment-for" />
                    </part>
                    <part id="ac-2_obj.i.3" name="assessment-objective">
                        <prop name="label" value="AC-02i.03" class="sp800-53a" />
                        <p>access to the system is authorized based on <insert type="param"
                                id-ref="ac-02_odp.09" />;</p>
                        <link href="#ac-2_smt.i.3" rel="assessment-for" />
                    </part>
                    <link href="#ac-2_smt.i" rel="assessment-for" />
                </part>
                <part id="ac-2_obj.j" name="assessment-objective">
                    <prop name="label" value="AC-02j." class="sp800-53a" />
                    <p>accounts are reviewed for compliance with account management requirements <insert
                            type="param" id-ref="ac-02_odp.10" />;</p>
                    <link href="#ac-2_smt.j" rel="assessment-for" />
                </part>
                <part id="ac-2_obj.k" name="assessment-objective">
                    <prop name="label" value="AC-02k." class="sp800-53a" />
                    <part id="ac-2_obj.k-1" name="assessment-objective">
                        <prop name="label" value="AC-02k.[01]" class="sp800-53a" />
                        <p>a process is established for changing shared or group account
                            authenticators (if deployed) when individuals are removed from the
                            group;</p>
                        <link href="#ac-2_smt.k" rel="assessment-for" />
                    </part>
                    <part id="ac-2_obj.k-2" name="assessment-objective">
                        <prop name="label" value="AC-02k.[02]" class="sp800-53a" />
                        <p>a process is implemented for changing shared or group account
                            authenticators (if deployed) when individuals are removed from the
                            group;</p>
                        <link href="#ac-2_smt.k" rel="assessment-for" />
                    </part>
                    <link href="#ac-2_smt.k" rel="assessment-for" />
                </part>
                <part id="ac-2_obj.l" name="assessment-objective">
                    <prop name="label" value="AC-02l." class="sp800-53a" />
                    <part id="ac-2_obj.l-1" name="assessment-objective">
                        <prop name="label" value="AC-02l.[01]" class="sp800-53a" />
                        <p>account management processes are aligned with personnel termination
                            processes;</p>
                        <link href="#ac-2_smt.l" rel="assessment-for" />
                    </part>
                    <part id="ac-2_obj.l-2" name="assessment-objective">
                        <prop name="label" value="AC-02l.[02]" class="sp800-53a" />
                        <p>account management processes are aligned with personnel transfer
                            processes.</p>
                        <link href="#ac-2_smt.l" rel="assessment-for" />
                    </part>
                    <link href="#ac-2_smt.l" rel="assessment-for" />
                </part>
                <link href="#ac-2_smt" rel="assessment-for" />
            </part>
            <part id="ac-2_asm-examine" name="assessment-method">
                <prop name="method" ns="http://csrc.nist.gov/ns/rmf" value="EXAMINE" />
                <prop name="label" value="AC-02-Examine" class="sp800-53a" />
                <part name="assessment-objects">
                    <p>Access control policy</p>
                    <p>personnel termination policy and procedure</p>
                    <p>personnel transfer policy and procedure</p>
                    <p>procedures for addressing account management</p>
                    <p>system design documentation</p>
                    <p>system configuration settings and associated documentation</p>
                    <p>list of active system accounts along with the name of the individual
                        associated with each account</p>
                    <p>list of recently disabled system accounts and the name of the individual
                        associated with each account</p>
                    <p>list of conditions for group and role membership</p>
                    <p>notifications of recent transfers, separations, or terminations of employees</p>
                    <p>access authorization records</p>
                    <p>account management compliance reviews</p>
                    <p>system monitoring records</p>
                    <p>system audit records</p>
                    <p>system security plan</p>
                    <p>privacy plan</p>
                    <p>other relevant documents or records</p>
                </part>
            </part>
            <part id="ac-2_asm-interview" name="assessment-method">
                <prop name="method" ns="http://csrc.nist.gov/ns/rmf" value="INTERVIEW" />
                <prop name="label" value="AC-02-Interview" class="sp800-53a" />
                <part name="assessment-objects">
                    <p>Organizational personnel with account management responsibilities</p>
                    <p>system/network administrators</p>
                    <p>organizational personnel with information security with information security
                        and privacy responsibilities</p>
                </part>
            </part>
            <part id="ac-2_asm-test" name="assessment-method">
                <prop name="method" ns="http://csrc.nist.gov/ns/rmf" value="TEST" />
                <prop name="label" value="AC-02-Test" class="sp800-53a" />
                <part name="assessment-objects">
                    <p>Organizational processes for account management on the system</p>
                    <p>mechanisms for implementing account management</p>
                </part>
            </part>
            <control id="ac-2.1" class="SP800-53-enhancement">
                <title>Automated System Account Management</title>
                <param id="ac-02.01_odp">
                    <prop name="alt-identifier" value="ac-2.1_prm_1" />
                    <prop name="label" value="AC-02(01)_ODP" class="sp800-53a" />
                    <label>automated mechanisms</label>
                    <guideline>
                        <p>automated mechanisms used to support the management of system accounts
                            are defined;</p>
                    </guideline>
                </param>
                <prop name="label" value="AC-02(01)" class="zero-padded" />
                <prop name="label" value="AC-2(1)" />
                <prop name="label" value="AC-02(01)" class="sp800-53a" />
                <prop name="sort-id" value="ac-02.01" />
                <prop name="implementation-level" ns="http://csrc.nist.gov/ns/rmf"
                    value="organization" />
                <link href="#ac-2" rel="required" />
                <part id="ac-2.1_smt" name="statement">
                    <p>Support the management of system accounts using <insert type="param"
                            id-ref="ac-02.01_odp" />.</p>
                </part>
                <part id="ac-2.1_gdn" name="guidance">
                    <p>Automated system account management includes using automated mechanisms to
                        create, enable, modify, disable, and remove accounts; notify account
                        managers when an account is created, enabled, modified, disabled, or
                        removed, or when users are terminated or transferred; monitor system account
                        usage; and report atypical system account usage. Automated mechanisms can
                        include internal system functions and email, telephonic, and text messaging
                        notifications.</p>
                </part>
                <part id="ac-2.1_obj" name="assessment-objective">
                    <prop name="label" value="AC-02(01)" class="sp800-53a" />
                    <p>the management of system accounts is supported using <insert type="param"
                            id-ref="ac-02.01_odp" />.</p>
                    <link href="#ac-2.1_smt" rel="assessment-for" />
                </part>
                <part id="ac-2.1_asm-examine" name="assessment-method">
                    <prop name="method" ns="http://csrc.nist.gov/ns/rmf" value="EXAMINE" />
                    <prop name="label" value="AC-02(01)-Examine" class="sp800-53a" />
                    <part name="assessment-objects">
                        <p>Access control policy</p>
                        <p>procedures for addressing account management</p>
                        <p>system design documentation</p>
                        <p>system configuration settings and associated documentation</p>
                        <p>system audit records</p>
                        <p>system security plan</p>
                        <p>other relevant documents or records</p>
                    </part>
                </part>
                <part id="ac-2.1_asm-interview" name="assessment-method">
                    <prop name="method" ns="http://csrc.nist.gov/ns/rmf" value="INTERVIEW" />
                    <prop name="label" value="AC-02(01)-Interview" class="sp800-53a" />
                    <part name="assessment-objects">
                        <p>Organizational personnel with account management responsibilities</p>
                        <p>system/network administrators</p>
                        <p>organizational personnel with information security with information
                            security responsibilities</p>
                        <p>system developers</p>
                    </part>
                </part>
                <part id="ac-2.1_asm-test" name="assessment-method">
                    <prop name="method" ns="http://csrc.nist.gov/ns/rmf" value="TEST" />
                    <prop name="label" value="AC-02(01)-Test" class="sp800-53a" />
                    <part name="assessment-objects">
                        <p>Automated mechanisms for implementing account management functions</p>
                    </part>
                </part>
            </control>
            <control id="ac-2.2" class="SP800-53-enhancement">
                <title>Automated Temporary and Emergency Account Management</title>
                <param id="ac-02.02_odp.01">
                    <prop name="alt-identifier" value="ac-2.2_prm_1" />
                    <prop name="label" value="AC-02(02)_ODP[01]" class="sp800-53a" />
                    <select>
                        <choice>remove</choice>
                        <choice>disable</choice>
                    </select>
                </param>
                <param id="ac-02.02_odp.02">
                    <prop name="alt-identifier" value="ac-2.2_prm_2" />
                    <prop name="alt-label" value="time period for each type of account"
                        class="sp800-53" />
                    <prop name="label" value="AC-02(02)_ODP[02]" class="sp800-53a" />
                    <label>time period</label>
                    <guideline>
                        <p>the time period after which to automatically remove or disable temporary
                            or emergency accounts is defined;</p>
                    </guideline>
                </param>
                <prop name="label" value="AC-02(02)" class="zero-padded" />
                <prop name="label" value="AC-2(2)" />
                <prop name="label" value="AC-02(02)" class="sp800-53a" />
                <prop name="sort-id" value="ac-02.02" />
                <prop name="implementation-level" ns="http://csrc.nist.gov/ns/rmf" value="system" />
                <link href="#ac-2" rel="required" />
                <part id="ac-2.2_smt" name="statement">
                    <p>Automatically <insert type="param" id-ref="ac-02.02_odp.01" /> temporary and
                        emergency accounts after <insert type="param" id-ref="ac-02.02_odp.02" />.</p>
                </part>
                <part id="ac-2.2_gdn" name="guidance">
                    <p>Management of temporary and emergency accounts includes the removal or
                        disabling of such accounts automatically after a predefined time period
                        rather than at the convenience of the system administrator. Automatic
                        removal or disabling of accounts provides a more consistent implementation.</p>
                </part>
                <part id="ac-2.2_obj" name="assessment-objective">
                    <prop name="label" value="AC-02(02)" class="sp800-53a" />
                    <p>temporary and emergency accounts are automatically <insert type="param"
                            id-ref="ac-02.02_odp.01" /> after <insert type="param"
                            id-ref="ac-02.02_odp.02" />.</p>
                    <link href="#ac-2.2_smt" rel="assessment-for" />
                </part>
                <part id="ac-2.2_asm-examine" name="assessment-method">
                    <prop name="method" ns="http://csrc.nist.gov/ns/rmf" value="EXAMINE" />
                    <prop name="label" value="AC-02(02)-Examine" class="sp800-53a" />
                    <part name="assessment-objects">
                        <p>Access control policy</p>
                        <p>procedures for addressing account management</p>
                        <p>system design documentation</p>
                        <p>system configuration settings and associated documentation</p>
                        <p>system-generated list of temporary accounts removed and/or disabled</p>
                        <p>system-generated list of emergency accounts removed and/or disabled</p>
                        <p>system audit records</p>
                        <p>system security plan</p>
                        <p>other relevant documents or records</p>
                    </part>
                </part>
                <part id="ac-2.2_asm-interview" name="assessment-method">
                    <prop name="method" ns="http://csrc.nist.gov/ns/rmf" value="INTERVIEW" />
                    <prop name="label" value="AC-02(02)-Interview" class="sp800-53a" />
                    <part name="assessment-objects">
                        <p>Organizational personnel with account management responsibilities</p>
                        <p>system/network administrators</p>
                        <p>organizational personnel with information security with information
                            security responsibilities</p>
                        <p>system developers</p>
                    </part>
                </part>
                <part id="ac-2.2_asm-test" name="assessment-method">
                    <prop name="method" ns="http://csrc.nist.gov/ns/rmf" value="TEST" />
                    <prop name="label" value="AC-02(02)-Test" class="sp800-53a" />
                    <part name="assessment-objects">
                        <p>Automated mechanisms for implementing account management functions</p>
                    </part>
                </part>
            </control>
            <control id="ac-2.3" class="SP800-53-enhancement">
                <title>Disable Accounts</title>
                <param id="ac-02.03_odp.01">
                    <prop name="alt-identifier" value="ac-2.3_prm_1" />
                    <prop name="label" value="AC-02(03)_ODP[01]" class="sp800-53a" />
                    <label>time period</label>
                    <guideline>
                        <p>time period within which to disable accounts is defined;</p>
                    </guideline>
                </param>
                <param id="ac-02.03_odp.02">
                    <prop name="alt-identifier" value="ac-2.3_prm_2" />
                    <prop name="label" value="AC-02(03)_ODP[02]" class="sp800-53a" />
                    <label>time period</label>
                    <guideline>
                        <p>time period for account inactivity before disabling is defined;</p>
                    </guideline>
                </param>
                <prop name="label" value="AC-02(03)" class="zero-padded" />
                <prop name="label" value="AC-2(3)" />
                <prop name="label" value="AC-02(03)" class="sp800-53a" />
                <prop name="sort-id" value="ac-02.03" />
                <prop name="implementation-level" ns="http://csrc.nist.gov/ns/rmf" value="system" />
                <link href="#ac-2" rel="required" />
                <part id="ac-2.3_smt" name="statement">
                    <p>Disable accounts within <insert type="param" id-ref="ac-02.03_odp.01" /> when
                        the accounts:</p>
                    <part id="ac-2.3_smt.a" name="item">
                        <prop name="label" value="(a)" />
                        <p>Have expired;</p>
                    </part>
                    <part id="ac-2.3_smt.b" name="item">
                        <prop name="label" value="(b)" />
                        <p>Are no longer associated with a user or individual;</p>
                    </part>
                    <part id="ac-2.3_smt.c" name="item">
                        <prop name="label" value="(c)" />
                        <p>Are in violation of organizational policy; or</p>
                    </part>
                    <part id="ac-2.3_smt.d" name="item">
                        <prop name="label" value="(d)" />
                        <p>Have been inactive for <insert type="param" id-ref="ac-02.03_odp.02" />.</p>
                    </part>
                </part>
                <part id="ac-2.3_gdn" name="guidance">
                    <p>Disabling expired, inactive, or otherwise anomalous accounts supports the
                        concepts of least privilege and least functionality which reduce the attack
                        surface of the system.</p>
                </part>
                <part id="ac-2.3_obj" name="assessment-objective">
                    <prop name="label" value="AC-02(03)" class="sp800-53a" />
                    <part id="ac-2.3_obj.a" name="assessment-objective">
                        <prop name="label" value="AC-02(03)(a)" class="sp800-53a" />
                        <p>accounts are disabled within <insert type="param"
                                id-ref="ac-02.03_odp.01" /> when the accounts have expired;</p>
                        <link href="#ac-2.3_smt.a" rel="assessment-for" />
                    </part>
                    <part id="ac-2.3_obj.b" name="assessment-objective">
                        <prop name="label" value="AC-02(03)(b)" class="sp800-53a" />
                        <p>accounts are disabled within <insert type="param"
                                id-ref="ac-02.03_odp.01" /> when the accounts are no longer
                            associated with a user or individual;</p>
                        <link href="#ac-2.3_smt.b" rel="assessment-for" />
                    </part>
                    <part id="ac-2.3_obj.c" name="assessment-objective">
                        <prop name="label" value="AC-02(03)(c)" class="sp800-53a" />
                        <p>accounts are disabled within <insert type="param"
                                id-ref="ac-02.03_odp.01" /> when the accounts are in violation of
                            organizational policy;</p>
                        <link href="#ac-2.3_smt.c" rel="assessment-for" />
                    </part>
                    <part id="ac-2.3_obj.d" name="assessment-objective">
                        <prop name="label" value="AC-02(03)(d)" class="sp800-53a" />
                        <p>accounts are disabled within <insert type="param"
                                id-ref="ac-02.03_odp.01" /> when the accounts have been inactive for <insert
                                type="param" id-ref="ac-02.03_odp.02" />.</p>
                        <link href="#ac-2.3_smt.d" rel="assessment-for" />
                    </part>
                    <link href="#ac-2.3_smt" rel="assessment-for" />
                </part>
                <part id="ac-2.3_asm-examine" name="assessment-method">
                    <prop name="method" ns="http://csrc.nist.gov/ns/rmf" value="EXAMINE" />
                    <prop name="label" value="AC-02(03)-Examine" class="sp800-53a" />
                    <part name="assessment-objects">
                        <p>Access control policy</p>
                        <p>procedures for addressing account management</p>
                        <p>system security plan</p>
                        <p>system design documentation</p>
                        <p>system configuration settings and associated documentation</p>
                        <p>system-generated list of accounts removed</p>
                        <p>system-generated list of emergency accounts disabled</p>
                        <p>system audit records</p>
                        <p>system security plan</p>
                        <p>other relevant documents or records</p>
                    </part>
                </part>
                <part id="ac-2.3_asm-interview" name="assessment-method">
                    <prop name="method" ns="http://csrc.nist.gov/ns/rmf" value="INTERVIEW" />
                    <prop name="label" value="AC-02(03)-Interview" class="sp800-53a" />
                    <part name="assessment-objects">
                        <p>Organizational personnel with account management responsibilities</p>
                        <p>system/network administrators</p>
                        <p>organizational personnel with information security responsibilities</p>
                        <p>system developers</p>
                    </part>
                </part>
                <part id="ac-2.3_asm-test" name="assessment-method">
                    <prop name="method" ns="http://csrc.nist.gov/ns/rmf" value="TEST" />
                    <prop name="label" value="AC-02(03)-Test" class="sp800-53a" />
                    <part name="assessment-objects">
                        <p>Mechanisms for implementing account management functions</p>
                    </part>
                </part>
            </control>
            <control id="ac-2.4" class="SP800-53-enhancement">
                <title>Automated Audit Actions</title>
                <prop name="label" value="AC-02(04)" class="zero-padded" />
                <prop name="label" value="AC-2(4)" />
                <prop name="label" value="AC-02(04)" class="sp800-53a" />
                <prop name="sort-id" value="ac-02.04" />
                <prop name="implementation-level" ns="http://csrc.nist.gov/ns/rmf" value="system" />
                <link href="#ac-2" rel="required" />
                <link href="#au-2" rel="related" />
                <link
                    href="https://raw.githubusercontent.com/usnistgov/oscal-content/main/nist.gov/SP800-53/rev5/xml/NIST_SP-800-53_rev5_MODERATE-baseline_profile.xml#au-6"
                    rel="related" />
                <part id="ac-2.4_smt" name="statement">
                    <p>Automatically audit account creation, modification, enabling, disabling, and
                        removal actions.</p>
                </part>
                <part id="ac-2.4_gdn" name="guidance">
                    <p>Account management audit records are defined in accordance with <a
                            href="#au-2">AU-02</a> and reviewed, analyzed, and reported in
                        accordance with <a
                            href="https://raw.githubusercontent.com/usnistgov/oscal-content/main/nist.gov/SP800-53/rev5/xml/NIST_SP-800-53_rev5_MODERATE-baseline_profile.xml#au-6">
                        AU-06</a>.</p>
                </part>
                <part id="ac-2.4_obj" name="assessment-objective">
                    <prop name="label" value="AC-02(04)" class="sp800-53a" />
                    <part id="ac-2.4_obj-1" name="assessment-objective">
                        <prop name="label" value="AC-02(04)[01]" class="sp800-53a" />
                        <p>account creation is automatically audited;</p>
                        <link href="#ac-2.4_smt" rel="assessment-for" />
                    </part>
                    <part id="ac-2.4_obj-2" name="assessment-objective">
                        <prop name="label" value="AC-02(04)[02]" class="sp800-53a" />
                        <p>account modification is automatically audited;</p>
                        <link href="#ac-2.4_smt" rel="assessment-for" />
                    </part>
                    <part id="ac-2.4_obj-3" name="assessment-objective">
                        <prop name="label" value="AC-02(04)[03]" class="sp800-53a" />
                        <p>account enabling is automatically audited;</p>
                        <link href="#ac-2.4_smt" rel="assessment-for" />
                    </part>
                    <part id="ac-2.4_obj-4" name="assessment-objective">
                        <prop name="label" value="AC-02(04)[04]" class="sp800-53a" />
                        <p>account disabling is automatically audited;</p>
                        <link href="#ac-2.4_smt" rel="assessment-for" />
                    </part>
                    <part id="ac-2.4_obj-5" name="assessment-objective">
                        <prop name="label" value="AC-02(04)[05]" class="sp800-53a" />
                        <p>account removal actions are automatically audited.</p>
                        <link href="#ac-2.4_smt" rel="assessment-for" />
                    </part>
                    <link href="#ac-2.4_smt" rel="assessment-for" />
                </part>
                <part id="ac-2.4_asm-examine" name="assessment-method">
                    <prop name="method" ns="http://csrc.nist.gov/ns/rmf" value="EXAMINE" />
                    <prop name="label" value="AC-02(04)-Examine" class="sp800-53a" />
                    <part name="assessment-objects">
                        <p>Access control policy</p>
                        <p>procedures addressing account management</p>
                        <p>system design documentation</p>
                        <p>system configuration settings and associated documentation</p>
                        <p>notifications/alerts of account creation, modification, enabling,
                            disabling, and removal actions</p>
                        <p>system audit records</p>
                        <p>system security plan</p>
                        <p>other relevant documents or records</p>
                    </part>
                </part>
                <part id="ac-2.4_asm-interview" name="assessment-method">
                    <prop name="method" ns="http://csrc.nist.gov/ns/rmf" value="INTERVIEW" />
                    <prop name="label" value="AC-02(04)-Interview" class="sp800-53a" />
                    <part name="assessment-objects">
                        <p>Organizational personnel with account management responsibilities</p>
                        <p>system/network administrators</p>
                        <p>organizational personnel with information security responsibilities</p>
                    </part>
                </part>
                <part id="ac-2.4_asm-test" name="assessment-method">
                    <prop name="method" ns="http://csrc.nist.gov/ns/rmf" value="TEST" />
                    <prop name="label" value="AC-02(04)-Test" class="sp800-53a" />
                    <part name="assessment-objects">
                        <p>Automated mechanisms implementing account management functions</p>
                    </part>
                </part>
            </control>
            <control id="ac-2.5" class="SP800-53-enhancement">
                <title>Inactivity Logout</title>
                <param id="ac-02.05_odp">
                    <prop name="alt-identifier" value="ac-2.5_prm_1" />
                    <prop name="label" value="AC-02(05)_ODP" class="sp800-53a" />
                    <label>time period of expected inactivity or description of when to log out</label>
                    <guideline>
                        <p>the time period of expected inactivity or description of when to log out
                            is defined;</p>
                    </guideline>
                </param>
                <prop name="label" value="AC-02(05)" class="zero-padded" />
                <prop name="label" value="AC-2(5)" />
                <prop name="label" value="AC-02(05)" class="sp800-53a" />
                <prop name="sort-id" value="ac-02.05" />
                <prop name="implementation-level" ns="http://csrc.nist.gov/ns/rmf"
                    value="organization" />
                <prop name="implementation-level" ns="http://csrc.nist.gov/ns/rmf" value="system" />
                <link href="#ac-2" rel="required" />
                <link
                    href="https://raw.githubusercontent.com/usnistgov/oscal-content/main/nist.gov/SP800-53/rev5/xml/NIST_SP-800-53_rev5_MODERATE-baseline_profile.xml#ac-11"
                    rel="related" />
                <part id="ac-2.5_smt" name="statement">
                    <p>Require that users log out when <insert type="param" id-ref="ac-02.05_odp" />
                        .</p>
                </part>
                <part id="ac-2.5_gdn" name="guidance">
                    <p>Inactivity logout is behavior- or policy-based and requires users to take
                        physical action to log out when they are expecting inactivity longer than
                        the defined period. Automatic enforcement of inactivity logout is addressed
                        by <a
                            href="https://raw.githubusercontent.com/usnistgov/oscal-content/main/nist.gov/SP800-53/rev5/xml/NIST_SP-800-53_rev5_MODERATE-baseline_profile.xml#ac-11">
                        AC-11</a>.</p>
                </part>
                <part id="ac-2.5_obj" name="assessment-objective">
                    <prop name="label" value="AC-02(05)" class="sp800-53a" />
                    <p>users are required to log out when <insert type="param" id-ref="ac-02.05_odp" />
                        .</p>
                    <link href="#ac-2.5_smt" rel="assessment-for" />
                </part>
                <part id="ac-2.5_asm-examine" name="assessment-method">
                    <prop name="method" ns="http://csrc.nist.gov/ns/rmf" value="EXAMINE" />
                    <prop name="label" value="AC-02(05)-Examine" class="sp800-53a" />
                    <part name="assessment-objects">
                        <p>Access control policy</p>
                        <p>procedures addressing account management</p>
                        <p>system design documentation</p>
                        <p>system configuration settings and associated documentation</p>
                        <p>security violation reports</p>
                        <p>system audit records</p>
                        <p>system security plan</p>
                        <p>other relevant documents or records</p>
                    </part>
                </part>
                <part id="ac-2.5_asm-interview" name="assessment-method">
                    <prop name="method" ns="http://csrc.nist.gov/ns/rmf" value="INTERVIEW" />
                    <prop name="label" value="AC-02(05)-Interview" class="sp800-53a" />
                    <part name="assessment-objects">
                        <p>Organizational personnel with account management responsibilities</p>
                        <p>system/network administrators</p>
                        <p>organizational personnel with information security responsibilities</p>
                        <p>users that must comply with inactivity logout policy</p>
                    </part>
                </part>
            </control>
            <control id="ac-2.13" class="SP800-53-enhancement">
                <title>Disable Accounts for High-risk Individuals</title>
                <param id="ac-02.13_odp.01">
                    <prop name="alt-identifier" value="ac-2.13_prm_1" />
                    <prop name="label" value="AC-02(13)_ODP[01]" class="sp800-53a" />
                    <label>time period</label>
                    <guideline>
                        <p>time period within which to disable accounts of individuals who are
                            discovered to pose significant risk is defined;</p>
                    </guideline>
                </param>
                <param id="ac-02.13_odp.02">
                    <prop name="alt-identifier" value="ac-2.13_prm_2" />
                    <prop name="label" value="AC-02(13)_ODP[02]" class="sp800-53a" />
                    <label>significant risks</label>
                    <guideline>
                        <p>significant risks leading to disabling accounts are defined;</p>
                    </guideline>
                </param>
                <prop name="label" value="AC-02(13)" class="zero-padded" />
                <prop name="label" value="AC-2(13)" />
                <prop name="label" value="AC-02(13)" class="sp800-53a" />
                <prop name="sort-id" value="ac-02.13" />
                <prop name="implementation-level" ns="http://csrc.nist.gov/ns/rmf"
                    value="organization" />
                <link href="#ac-2" rel="required" />
                <link
                    href="https://raw.githubusercontent.com/usnistgov/oscal-content/main/nist.gov/SP800-53/rev5/xml/NIST_SP-800-53_rev5_MODERATE-baseline_profile.xml#au-6"
                    rel="related" />
                <link
                    href="https://raw.githubusercontent.com/usnistgov/oscal-content/main/nist.gov/SP800-53/rev5/xml/NIST_SP-800-53_rev5_MODERATE-baseline_profile.xml#si-4"
                    rel="related" />
                <part id="ac-2.13_smt" name="statement">
                    <p>Disable accounts of individuals within <insert type="param"
                            id-ref="ac-02.13_odp.01" /> of discovery of <insert type="param"
                            id-ref="ac-02.13_odp.02" />.</p>
                </part>
                <part id="ac-2.13_gdn" name="guidance">
                    <p>Users who pose a significant security and/or privacy risk include individuals
                        for whom reliable evidence indicates either the intention to use authorized
                        access to systems to cause harm or through whom adversaries will cause harm.
                        Such harm includes adverse impacts to organizational operations,
                        organizational assets, individuals, other organizations, or the Nation.
                        Close coordination among system administrators, legal staff, human resource
                        managers, and authorizing officials is essential when disabling system
                        accounts for high-risk individuals.</p>
                </part>
                <part id="ac-2.13_obj" name="assessment-objective">
                    <prop name="label" value="AC-02(13)" class="sp800-53a" />
                    <p>accounts of individuals are disabled within <insert type="param"
                            id-ref="ac-02.13_odp.01" /> of discovery of <insert type="param"
                            id-ref="ac-02.13_odp.02" />.</p>
                    <link href="#ac-2.13_smt" rel="assessment-for" />
                </part>
                <part id="ac-2.13_asm-examine" name="assessment-method">
                    <prop name="method" ns="http://csrc.nist.gov/ns/rmf" value="EXAMINE" />
                    <prop name="label" value="AC-02(13)-Examine" class="sp800-53a" />
                    <part name="assessment-objects">
                        <p>Access control policy</p>
                        <p>procedures addressing account management</p>
                        <p>system design documentation</p>
                        <p>system configuration settings and associated documentation</p>
                        <p>system-generated list of disabled accounts</p>
                        <p>list of user activities posing significant organizational risk</p>
                        <p>system audit records</p>
                        <p>system security plan</p>
                        <p>other relevant documents or records</p>
                    </part>
                </part>
                <part id="ac-2.13_asm-interview" name="assessment-method">
                    <prop name="method" ns="http://csrc.nist.gov/ns/rmf" value="INTERVIEW" />
                    <prop name="label" value="AC-02(13)-Interview" class="sp800-53a" />
                    <part name="assessment-objects">
                        <p>Organizational personnel with account management responsibilities</p>
                        <p>system/network administrators</p>
                        <p>organizational personnel with information security responsibilities</p>
                    </part>
                </part>
                <part id="ac-2.13_asm-test" name="assessment-method">
                    <prop name="method" ns="http://csrc.nist.gov/ns/rmf" value="TEST" />
                    <prop name="label" value="AC-02(13)-Test" class="sp800-53a" />
                    <part name="assessment-objects">
                        <p>Mechanisms implementing account management functions</p>
                    </part>
                </part>
            </control>
        </control>
        <control id="ac-3" class="SP800-53">
            <title>Access Enforcement</title>
            <prop name="label" value="AC-03" class="zero-padded" />
            <prop name="label" value="AC-3" />
            <prop name="label" value="AC-03" class="sp800-53a" />
            <prop name="sort-id" value="ac-03" />
            <prop name="implementation-level" ns="http://csrc.nist.gov/ns/rmf" value="system" />
            <link href="#18e71fec-c6fd-475a-925a-5d8495cf8455" rel="reference" />
            <link href="#27847491-5ce1-4f6a-a1e4-9e483782f0ef" rel="reference" />
            <link href="#110e26af-4765-49e1-8740-6750f83fcda1" rel="reference" />
            <link href="#e7942589-e267-4a5a-a3d9-f39a7aae81f0" rel="reference" />
            <link href="#8306620b-1920-4d73-8b21-12008528595f" rel="reference" />
            <link href="#2956e175-f674-43f4-b1b9-e074ad9fc39c" rel="reference" />
            <link href="#388a3aa2-5d85-4bad-b8a3-77db80d63c4f" rel="reference" />
            <link href="#7f473f21-fdbf-4a6c-81a1-0ab95919609d" rel="reference" />
            <link href="#ac-2" rel="related" />
            <link
                href="https://raw.githubusercontent.com/usnistgov/oscal-content/main/nist.gov/SP800-53/rev5/xml/NIST_SP-800-53_rev5_MODERATE-baseline_profile.xml#ac-4"
                rel="related" />
            <link
                href="https://raw.githubusercontent.com/usnistgov/oscal-content/main/nist.gov/SP800-53/rev5/xml/NIST_SP-800-53_rev5_MODERATE-baseline_profile.xml#ac-5"
                rel="related" />
            <link href="#ac-6" rel="related" />
            <link
                href="https://raw.githubusercontent.com/usnistgov/oscal-content/main/nist.gov/SP800-53/rev5/xml/NIST_SP-800-53_rev5_catalog.xml#ac-16"
                rel="related" />
            <link href="#ac-17" rel="related" />
            <link
                href="https://raw.githubusercontent.com/usnistgov/oscal-content/main/nist.gov/SP800-53/rev5/xml/NIST_SP-800-53_rev5_MODERATE-baseline_profile.xml#ac-18"
                rel="related" />
            <link
                href="https://raw.githubusercontent.com/usnistgov/oscal-content/main/nist.gov/SP800-53/rev5/xml/NIST_SP-800-53_rev5_MODERATE-baseline_profile.xml#ac-19"
                rel="related" />
            <link
                href="https://raw.githubusercontent.com/usnistgov/oscal-content/main/nist.gov/SP800-53/rev5/xml/NIST_SP-800-53_rev5_MODERATE-baseline_profile.xml#ac-20"
                rel="related" />
            <link
                href="https://raw.githubusercontent.com/usnistgov/oscal-content/main/nist.gov/SP800-53/rev5/xml/NIST_SP-800-53_rev5_MODERATE-baseline_profile.xml#ac-21"
                rel="related" />
            <link
                href="https://raw.githubusercontent.com/usnistgov/oscal-content/main/nist.gov/SP800-53/rev5/xml/NIST_SP-800-53_rev5_MODERATE-baseline_profile.xml#ac-22"
                rel="related" />
            <link
                href="https://raw.githubusercontent.com/usnistgov/oscal-content/main/nist.gov/SP800-53/rev5/xml/NIST_SP-800-53_rev5_catalog.xml#ac-24"
                rel="related" />
            <link
                href="https://raw.githubusercontent.com/usnistgov/oscal-content/main/nist.gov/SP800-53/rev5/xml/NIST_SP-800-53_rev5_catalog.xml#ac-25"
                rel="related" />
            <link
                href="https://raw.githubusercontent.com/usnistgov/oscal-content/main/nist.gov/SP800-53/rev5/xml/NIST_SP-800-53_rev5_MODERATE-baseline_profile.xml#at-2"
                rel="related" />
            <link
                href="https://raw.githubusercontent.com/usnistgov/oscal-content/main/nist.gov/SP800-53/rev5/xml/NIST_SP-800-53_rev5_MODERATE-baseline_profile.xml#at-3"
                rel="related" />
            <link
                href="https://raw.githubusercontent.com/usnistgov/oscal-content/main/nist.gov/SP800-53/rev5/xml/NIST_SP-800-53_rev5_MODERATE-baseline_profile.xml#au-9"
                rel="related" />
            <link
                href="https://raw.githubusercontent.com/usnistgov/oscal-content/main/nist.gov/SP800-53/rev5/xml/NIST_SP-800-53_rev5_MODERATE-baseline_profile.xml#ca-9"
                rel="related" />
            <link
                href="https://raw.githubusercontent.com/usnistgov/oscal-content/main/nist.gov/SP800-53/rev5/xml/NIST_SP-800-53_rev5_MODERATE-baseline_profile.xml#cm-5"
                rel="related" />
            <link
                href="https://raw.githubusercontent.com/usnistgov/oscal-content/main/nist.gov/SP800-53/rev5/xml/NIST_SP-800-53_rev5_MODERATE-baseline_profile.xml#cm-11"
                rel="related" />
            <link href="#ia-2" rel="related" />
            <link
                href="https://raw.githubusercontent.com/usnistgov/oscal-content/main/nist.gov/SP800-53/rev5/xml/NIST_SP-800-53_rev5_MODERATE-baseline_profile.xml#ia-5"
                rel="related" />
            <link
                href="https://raw.githubusercontent.com/usnistgov/oscal-content/main/nist.gov/SP800-53/rev5/xml/NIST_SP-800-53_rev5_MODERATE-baseline_profile.xml#ia-6"
                rel="related" />
            <link
                href="https://raw.githubusercontent.com/usnistgov/oscal-content/main/nist.gov/SP800-53/rev5/xml/NIST_SP-800-53_rev5_MODERATE-baseline_profile.xml#ia-7"
                rel="related" />
            <link
                href="https://raw.githubusercontent.com/usnistgov/oscal-content/main/nist.gov/SP800-53/rev5/xml/NIST_SP-800-53_rev5_MODERATE-baseline_profile.xml#ia-11"
                rel="related" />
            <link
                href="https://raw.githubusercontent.com/usnistgov/oscal-content/main/nist.gov/SP800-53/rev5/xml/NIST_SP-800-53_rev5_catalog.xml#ia-13"
                rel="related" />
            <link
                href="https://raw.githubusercontent.com/usnistgov/oscal-content/main/nist.gov/SP800-53/rev5/xml/NIST_SP-800-53_rev5_MODERATE-baseline_profile.xml#ma-3"
                rel="related" />
            <link
                href="https://raw.githubusercontent.com/usnistgov/oscal-content/main/nist.gov/SP800-53/rev5/xml/NIST_SP-800-53_rev5_MODERATE-baseline_profile.xml#ma-4"
                rel="related" />
            <link
                href="https://raw.githubusercontent.com/usnistgov/oscal-content/main/nist.gov/SP800-53/rev5/xml/NIST_SP-800-53_rev5_MODERATE-baseline_profile.xml#ma-5"
                rel="related" />
            <link
                href="https://raw.githubusercontent.com/usnistgov/oscal-content/main/nist.gov/SP800-53/rev5/xml/NIST_SP-800-53_rev5_MODERATE-baseline_profile.xml#mp-4"
                rel="related" />
            <link
                href="https://raw.githubusercontent.com/usnistgov/oscal-content/main/nist.gov/SP800-53/rev5/xml/NIST_SP-800-53_rev5_catalog.xml#pm-2"
                rel="related" />
            <link
                href="https://raw.githubusercontent.com/usnistgov/oscal-content/main/nist.gov/SP800-53/rev5/xml/NIST_SP-800-53_rev5_MODERATE-baseline_profile.xml#ps-3"
                rel="related" />
            <link
                href="https://raw.githubusercontent.com/usnistgov/oscal-content/main/nist.gov/SP800-53/rev5/xml/NIST_SP-800-53_rev5_catalog.xml#pt-2"
                rel="related" />
            <link
                href="https://raw.githubusercontent.com/usnistgov/oscal-content/main/nist.gov/SP800-53/rev5/xml/NIST_SP-800-53_rev5_catalog.xml#pt-3"
                rel="related" />
            <link
                href="https://raw.githubusercontent.com/usnistgov/oscal-content/main/nist.gov/SP800-53/rev5/xml/NIST_SP-800-53_rev5_catalog.xml#sa-17"
                rel="related" />
            <link href="#sc-2" rel="related" />
            <link
                href="https://raw.githubusercontent.com/usnistgov/oscal-content/main/nist.gov/SP800-53/rev5/xml/NIST_SP-800-53_rev5_catalog.xml#sc-3"
                rel="related" />
            <link
                href="https://raw.githubusercontent.com/usnistgov/oscal-content/main/nist.gov/SP800-53/rev5/xml/NIST_SP-800-53_rev5_MODERATE-baseline_profile.xml#sc-4"
                rel="related" />
            <link
                href="https://raw.githubusercontent.com/usnistgov/oscal-content/main/nist.gov/SP800-53/rev5/xml/NIST_SP-800-53_rev5_MODERATE-baseline_profile.xml#sc-12"
                rel="related" />
            <link
                href="https://raw.githubusercontent.com/usnistgov/oscal-content/main/nist.gov/SP800-53/rev5/xml/NIST_SP-800-53_rev5_MODERATE-baseline_profile.xml#sc-13"
                rel="related" />
            <link
                href="https://raw.githubusercontent.com/usnistgov/oscal-content/main/nist.gov/SP800-53/rev5/xml/NIST_SP-800-53_rev5_MODERATE-baseline_profile.xml#sc-28"
                rel="related" />
            <link
                href="https://raw.githubusercontent.com/usnistgov/oscal-content/main/nist.gov/SP800-53/rev5/xml/NIST_SP-800-53_rev5_catalog.xml#sc-31"
                rel="related" />
            <link
                href="https://raw.githubusercontent.com/usnistgov/oscal-content/main/nist.gov/SP800-53/rev5/xml/NIST_SP-800-53_rev5_catalog.xml#sc-34"
                rel="related" />
            <link
                href="https://raw.githubusercontent.com/usnistgov/oscal-content/main/nist.gov/SP800-53/rev5/xml/NIST_SP-800-53_rev5_MODERATE-baseline_profile.xml#si-4"
                rel="related" />
            <link
                href="https://raw.githubusercontent.com/usnistgov/oscal-content/main/nist.gov/SP800-53/rev5/xml/NIST_SP-800-53_rev5_MODERATE-baseline_profile.xml#si-8"
                rel="related" />
            <part id="ac-3_smt" name="statement">
                <p>Enforce approved authorizations for logical access to information and system
                    resources in accordance with applicable access control policies.</p>
            </part>
            <part id="ac-3_gdn" name="guidance">
                <p>Access control policies control access between active entities or subjects (i.e.,
                    users or processes acting on behalf of users) and passive entities or objects
                    (i.e., devices, files, records, domains) in organizational systems. In addition
                    to enforcing authorized access at the system level and recognizing that systems
                    can host many applications and services in support of mission and business
                    functions, access enforcement mechanisms can also be employed at the application
                    and service level to provide increased information security and privacy. In
                    contrast to logical access controls that are implemented within the system,
                    physical access controls are addressed by the controls in the Physical and
                    Environmental Protection ( <a
                        href="https://raw.githubusercontent.com/usnistgov/oscal-content/main/nist.gov/SP800-53/rev5/xml/NIST_SP-800-53_rev5_MODERATE-baseline_profile.xml#pe">
                    PE</a> ) family.</p>
            </part>
            <part id="ac-3_obj" name="assessment-objective">
                <prop name="label" value="AC-03" class="sp800-53a" />
                <p>approved authorizations for logical access to information and system resources
                    are enforced in accordance with applicable access control policies.</p>
                <link href="#ac-3_smt" rel="assessment-for" />
            </part>
            <part id="ac-3_asm-examine" name="assessment-method">
                <prop name="method" ns="http://csrc.nist.gov/ns/rmf" value="EXAMINE" />
                <prop name="label" value="AC-03-Examine" class="sp800-53a" />
                <part name="assessment-objects">
                    <p>Access control policy</p>
                    <p>procedures addressing access enforcement</p>
                    <p>system design documentation</p>
                    <p>system configuration settings and associated documentation</p>
                    <p>list of approved authorizations (user privileges)</p>
                    <p>system audit records</p>
                    <p>system security plan</p>
                    <p>privacy plan</p>
                    <p>other relevant documents or records</p>
                </part>
            </part>
            <part id="ac-3_asm-interview" name="assessment-method">
                <prop name="method" ns="http://csrc.nist.gov/ns/rmf" value="INTERVIEW" />
                <prop name="label" value="AC-03-Interview" class="sp800-53a" />
                <part name="assessment-objects">
                    <p>Organizational personnel with access enforcement responsibilities</p>
                    <p>system/network administrators</p>
                    <p>organizational personnel with information security and privacy
                        responsibilities</p>
                    <p>system developers</p>
                </part>
            </part>
            <part id="ac-3_asm-test" name="assessment-method">
                <prop name="method" ns="http://csrc.nist.gov/ns/rmf" value="TEST" />
                <prop name="label" value="AC-03-Test" class="sp800-53a" />
                <part name="assessment-objects">
                    <p>Mechanisms implementing access control policy</p>
                </part>
            </part>
        </control>
        <control id="ac-6" class="SP800-53">
            <title>Least Privilege</title>
            <prop name="label" value="AC-06" class="zero-padded" />
            <prop name="label" value="AC-6" />
            <prop name="label" value="AC-06" class="sp800-53a" />
            <prop name="sort-id" value="ac-06" />
            <prop name="implementation-level" ns="http://csrc.nist.gov/ns/rmf" value="organization" />
            <link href="#ac-2" rel="related" />
            <link href="#ac-3" rel="related" />
            <link
                href="https://raw.githubusercontent.com/usnistgov/oscal-content/main/nist.gov/SP800-53/rev5/xml/NIST_SP-800-53_rev5_MODERATE-baseline_profile.xml#ac-5"
                rel="related" />
            <link
                href="https://raw.githubusercontent.com/usnistgov/oscal-content/main/nist.gov/SP800-53/rev5/xml/NIST_SP-800-53_rev5_catalog.xml#ac-16"
                rel="related" />
            <link
                href="https://raw.githubusercontent.com/usnistgov/oscal-content/main/nist.gov/SP800-53/rev5/xml/NIST_SP-800-53_rev5_MODERATE-baseline_profile.xml#cm-5"
                rel="related" />
            <link
                href="https://raw.githubusercontent.com/usnistgov/oscal-content/main/nist.gov/SP800-53/rev5/xml/NIST_SP-800-53_rev5_MODERATE-baseline_profile.xml#cm-11"
                rel="related" />
            <link
                href="https://raw.githubusercontent.com/usnistgov/oscal-content/main/nist.gov/SP800-53/rev5/xml/NIST_SP-800-53_rev5_MODERATE-baseline_profile.xml#pl-2"
                rel="related" />
            <link
                href="https://raw.githubusercontent.com/usnistgov/oscal-content/main/nist.gov/SP800-53/rev5/xml/NIST_SP-800-53_rev5_catalog.xml#pm-12"
                rel="related" />
            <link
                href="https://raw.githubusercontent.com/usnistgov/oscal-content/main/nist.gov/SP800-53/rev5/xml/NIST_SP-800-53_rev5_MODERATE-baseline_profile.xml#sa-8"
                rel="related" />
            <link
                href="https://raw.githubusercontent.com/usnistgov/oscal-content/main/nist.gov/SP800-53/rev5/xml/NIST_SP-800-53_rev5_MODERATE-baseline_profile.xml#sa-15"
                rel="related" />
            <link
                href="https://raw.githubusercontent.com/usnistgov/oscal-content/main/nist.gov/SP800-53/rev5/xml/NIST_SP-800-53_rev5_catalog.xml#sa-17"
                rel="related" />
            <link
                href="https://raw.githubusercontent.com/usnistgov/oscal-content/main/nist.gov/SP800-53/rev5/xml/NIST_SP-800-53_rev5_catalog.xml#sc-38"
                rel="related" />
            <part id="ac-6_smt" name="statement">
                <p>Employ the principle of least privilege, allowing only authorized accesses for
                    users (or processes acting on behalf of users) that are necessary to accomplish
                    assigned organizational tasks.</p>
            </part>
            <part id="ac-6_gdn" name="guidance">
                <p>Organizations employ least privilege for specific duties and systems. The
                    principle of least privilege is also applied to system processes, ensuring that
                    the processes have access to systems and operate at privilege levels no higher
                    than necessary to accomplish organizational missions or business functions.
                    Organizations consider the creation of additional processes, roles, and accounts
                    as necessary to achieve least privilege. Organizations apply least privilege to
                    the development, implementation, and operation of organizational systems.</p>
            </part>
            <part id="ac-6_obj" name="assessment-objective">
                <prop name="label" value="AC-06" class="sp800-53a" />
                <p>the principle of least privilege is employed, allowing only authorized accesses
                    for users (or processes acting on behalf of users) that are necessary to
                    accomplish assigned organizational tasks.</p>
                <link href="#ac-6_smt" rel="assessment-for" />
            </part>
            <part id="ac-6_asm-examine" name="assessment-method">
                <prop name="method" ns="http://csrc.nist.gov/ns/rmf" value="EXAMINE" />
                <prop name="label" value="AC-06-Examine" class="sp800-53a" />
                <part name="assessment-objects">
                    <p>Access control policy</p>
                    <p>procedures addressing least privilege</p>
                    <p>list of assigned access authorizations (user privileges)</p>
                    <p>system configuration settings and associated documentation</p>
                    <p>system audit records</p>
                    <p>system security plan</p>
                    <p>other relevant documents or records</p>
                </part>
            </part>
            <part id="ac-6_asm-interview" name="assessment-method">
                <prop name="method" ns="http://csrc.nist.gov/ns/rmf" value="INTERVIEW" />
                <prop name="label" value="AC-06-Interview" class="sp800-53a" />
                <part name="assessment-objects">
                    <p>Organizational personnel with responsibilities for defining least privileges
                        necessary to accomplish specified tasks</p>
                    <p>organizational personnel with information security responsibilities</p>
                    <p>system/network administrators</p>
                </part>
            </part>
            <part id="ac-6_asm-test" name="assessment-method">
                <prop name="method" ns="http://csrc.nist.gov/ns/rmf" value="TEST" />
                <prop name="label" value="AC-06-Test" class="sp800-53a" />
                <part name="assessment-objects">
                    <p>Mechanisms implementing least privilege functions</p>
                </part>
            </part>
            <control id="ac-6.1" class="SP800-53-enhancement">
                <title>Authorize Access to Security Functions</title>
                <param id="ac-6.1_prm_2">
                    <prop name="aggregates" ns="http://csrc.nist.gov/ns/rmf" value="ac-06.01_odp.02" />
                    <prop name="aggregates" ns="http://csrc.nist.gov/ns/rmf" value="ac-06.01_odp.03" />
                    <prop name="aggregates" ns="http://csrc.nist.gov/ns/rmf" value="ac-06.01_odp.04" />
                    <label>organization-defined security functions (deployed in hardware, software,
                        and firmware)</label>
                </param>
                <param id="ac-06.01_odp.01">
                    <prop name="alt-identifier" value="ac-6.1_prm_1" />
                    <prop name="alt-label" value="individuals or roles" class="sp800-53" />
                    <prop name="label" value="AC-06(01)_ODP[01]" class="sp800-53a" />
                    <label>individuals and roles</label>
                    <guideline>
                        <p>individuals and roles with authorized access to security functions and
                            security-relevant information are defined;</p>
                    </guideline>
                </param>
                <param id="ac-06.01_odp.02">
                    <prop name="label" value="AC-06(01)_ODP[02]" class="sp800-53a" />
                    <label>security functions (deployed in hardware)</label>
                    <guideline>
                        <p>security functions (deployed in hardware) for authorized access are
                            defined;</p>
                    </guideline>
                </param>
                <param id="ac-06.01_odp.03">
                    <prop name="label" value="AC-06(01)_ODP[03]" class="sp800-53a" />
                    <label>security functions (deployed in software)</label>
                    <guideline>
                        <p>security functions (deployed in software) for authorized access are
                            defined;</p>
                    </guideline>
                </param>
                <param id="ac-06.01_odp.04">
                    <prop name="label" value="AC-06(01)_ODP[04]" class="sp800-53a" />
                    <label>security functions (deployed in firmware)</label>
                    <guideline>
                        <p>security functions (deployed in firmware) for authorized access are
                            defined;</p>
                    </guideline>
                </param>
                <param id="ac-06.01_odp.05">
                    <prop name="alt-identifier" value="ac-6.1_prm_3" />
                    <prop name="label" value="AC-06(01)_ODP[05]" class="sp800-53a" />
                    <label>security-relevant information</label>
                    <guideline>
                        <p>security-relevant information for authorized access is defined;</p>
                    </guideline>
                </param>
                <prop name="label" value="AC-06(01)" class="zero-padded" />
                <prop name="label" value="AC-6(1)" />
                <prop name="label" value="AC-06(01)" class="sp800-53a" />
                <prop name="sort-id" value="ac-06.01" />
                <prop name="implementation-level" ns="http://csrc.nist.gov/ns/rmf"
                    value="organization" />
                <link href="#ac-6" rel="required" />
                <link href="#ac-17" rel="related" />
                <link
                    href="https://raw.githubusercontent.com/usnistgov/oscal-content/main/nist.gov/SP800-53/rev5/xml/NIST_SP-800-53_rev5_MODERATE-baseline_profile.xml#ac-18"
                    rel="related" />
                <link
                    href="https://raw.githubusercontent.com/usnistgov/oscal-content/main/nist.gov/SP800-53/rev5/xml/NIST_SP-800-53_rev5_MODERATE-baseline_profile.xml#ac-19"
                    rel="related" />
                <link
                    href="https://raw.githubusercontent.com/usnistgov/oscal-content/main/nist.gov/SP800-53/rev5/xml/NIST_SP-800-53_rev5_MODERATE-baseline_profile.xml#au-9"
                    rel="related" />
                <link
                    href="https://raw.githubusercontent.com/usnistgov/oscal-content/main/nist.gov/SP800-53/rev5/xml/NIST_SP-800-53_rev5_MODERATE-baseline_profile.xml#pe-2"
                    rel="related" />
                <part id="ac-6.1_smt" name="statement">
                    <p>Authorize access for <insert type="param" id-ref="ac-06.01_odp.01" /> to:</p>
                    <part id="ac-6.1_smt.a" name="item">
                        <prop name="label" value="(a)" />
                        <p><insert type="param" id-ref="ac-6.1_prm_2" /> ; and</p>
                    </part>
                    <part id="ac-6.1_smt.b" name="item">
                        <prop name="label" value="(b)" />
                        <p><insert type="param" id-ref="ac-06.01_odp.05" />.</p>
                    </part>
                </part>
                <part id="ac-6.1_gdn" name="guidance">
                    <p>Security functions include establishing system accounts, configuring access
                        authorizations (i.e., permissions, privileges), configuring settings for
                        events to be audited, and establishing intrusion detection parameters.
                        Security-relevant information includes filtering rules for routers or
                        firewalls, configuration parameters for security services, cryptographic key
                        management information, and access control lists. Authorized personnel
                        include security administrators, system administrators, system security
                        officers, system programmers, and other privileged users.</p>
                </part>
                <part id="ac-6.1_obj" name="assessment-objective">
                    <prop name="label" value="AC-06(01)" class="sp800-53a" />
                    <part id="ac-6.1_obj.a" name="assessment-objective">
                        <prop name="label" value="AC-06(01)(a)" class="sp800-53a" />
                        <part id="ac-6.1_obj.a-1" name="assessment-objective">
                            <prop name="label" value="AC-06(01)(a)[01]" class="sp800-53a" />
                            <p>access is authorized for <insert type="param"
                                    id-ref="ac-06.01_odp.01" /> to <insert type="param"
                                    id-ref="ac-06.01_odp.02" />;</p>
                            <link href="#ac-6.1_smt.a" rel="assessment-for" />
                        </part>
                        <part id="ac-6.1_obj.a-2" name="assessment-objective">
                            <prop name="label" value="AC-06(01)(a)[02]" class="sp800-53a" />
                            <p>access is authorized for <insert type="param"
                                    id-ref="ac-06.01_odp.01" /> to <insert type="param"
                                    id-ref="ac-06.01_odp.03" />;</p>
                            <link href="#ac-6.1_smt.a" rel="assessment-for" />
                        </part>
                        <part id="ac-6.1_obj.a-3" name="assessment-objective">
                            <prop name="label" value="AC-06(01)(a)[03]" class="sp800-53a" />
                            <p>access is authorized for <insert type="param"
                                    id-ref="ac-06.01_odp.01" /> to <insert type="param"
                                    id-ref="ac-06.01_odp.04" />;</p>
                            <link href="#ac-6.1_smt.a" rel="assessment-for" />
                        </part>
                        <link href="#ac-6.1_smt.a" rel="assessment-for" />
                    </part>
                    <part id="ac-6.1_obj.b" name="assessment-objective">
                        <prop name="label" value="AC-06(01)(b)" class="sp800-53a" />
                        <p>access is authorized for <insert type="param" id-ref="ac-06.01_odp.01" />
                            to <insert type="param" id-ref="ac-06.01_odp.05" />.</p>
                        <link href="#ac-6.1_smt.b" rel="assessment-for" />
                    </part>
                    <link href="#ac-6.1_smt" rel="assessment-for" />
                </part>
                <part id="ac-6.1_asm-examine" name="assessment-method">
                    <prop name="method" ns="http://csrc.nist.gov/ns/rmf" value="EXAMINE" />
                    <prop name="label" value="AC-06(01)-Examine" class="sp800-53a" />
                    <part name="assessment-objects">
                        <p>Access control policy</p>
                        <p>procedures addressing least privilege</p>
                        <p>list of security functions (deployed in hardware, software, and firmware)
                            and security-relevant information for which access must be explicitly
                            authorized</p>
                        <p>system configuration settings and associated documentation</p>
                        <p>system audit records</p>
                        <p>system security plan</p>
                        <p>other relevant documents or records</p>
                    </part>
                </part>
                <part id="ac-6.1_asm-interview" name="assessment-method">
                    <prop name="method" ns="http://csrc.nist.gov/ns/rmf" value="INTERVIEW" />
                    <prop name="label" value="AC-06(01)-Interview" class="sp800-53a" />
                    <part name="assessment-objects">
                        <p>Organizational personnel with responsibilities for defining least
                            privileges necessary to accomplish specified tasks</p>
                        <p>organizational personnel with information security responsibilities</p>
                        <p>system/network administrators</p>
                    </part>
                </part>
                <part id="ac-6.1_asm-test" name="assessment-method">
                    <prop name="method" ns="http://csrc.nist.gov/ns/rmf" value="TEST" />
                    <prop name="label" value="AC-06(01)-Test" class="sp800-53a" />
                    <part name="assessment-objects">
                        <p>Mechanisms implementing least privilege functions</p>
                    </part>
                </part>
            </control>
            <control id="ac-6.2" class="SP800-53-enhancement">
                <title>Non-privileged Access for Nonsecurity Functions</title>
                <param id="ac-06.02_odp">
                    <prop name="alt-identifier" value="ac-6.2_prm_1" />
                    <prop name="label" value="AC-06(02)_ODP" class="sp800-53a" />
                    <label>security functions or security-relevant information</label>
                    <guideline>
                        <p>security functions or security-relevant information, the access to which
                            requires users to use non-privileged accounts to access non-security
                            functions, are defined;</p>
                    </guideline>
                </param>
                <prop name="label" value="AC-06(02)" class="zero-padded" />
                <prop name="label" value="AC-6(2)" />
                <prop name="label" value="AC-06(02)" class="sp800-53a" />
                <prop name="sort-id" value="ac-06.02" />
                <prop name="implementation-level" ns="http://csrc.nist.gov/ns/rmf"
                    value="organization" />
                <link href="#ac-6" rel="required" />
                <link href="#ac-17" rel="related" />
                <link
                    href="https://raw.githubusercontent.com/usnistgov/oscal-content/main/nist.gov/SP800-53/rev5/xml/NIST_SP-800-53_rev5_MODERATE-baseline_profile.xml#ac-18"
                    rel="related" />
                <link
                    href="https://raw.githubusercontent.com/usnistgov/oscal-content/main/nist.gov/SP800-53/rev5/xml/NIST_SP-800-53_rev5_MODERATE-baseline_profile.xml#ac-19"
                    rel="related" />
                <link
                    href="https://raw.githubusercontent.com/usnistgov/oscal-content/main/nist.gov/SP800-53/rev5/xml/NIST_SP-800-53_rev5_MODERATE-baseline_profile.xml#pl-4"
                    rel="related" />
                <part id="ac-6.2_smt" name="statement">
                    <p>Require that users of system accounts (or roles) with access to <insert
                            type="param" id-ref="ac-06.02_odp" /> use non-privileged accounts or
                        roles, when accessing nonsecurity functions.</p>
                </part>
                <part id="ac-6.2_gdn" name="guidance">
                    <p>Requiring the use of non-privileged accounts when accessing nonsecurity
                        functions limits exposure when operating from within privileged accounts or
                        roles. The inclusion of roles addresses situations where organizations
                        implement access control policies, such as role-based access control, and
                        where a change of role provides the same degree of assurance in the change
                        of access authorizations for the user and the processes acting on behalf of
                        the user as would be provided by a change between a privileged and
                        non-privileged account.</p>
                </part>
                <part id="ac-6.2_obj" name="assessment-objective">
                    <prop name="label" value="AC-06(02)" class="sp800-53a" />
                    <p>users of system accounts (or roles) with access to <insert type="param"
                            id-ref="ac-06.02_odp" /> are required to use non-privileged accounts or
                        roles when accessing non-security functions.</p>
                    <link href="#ac-6.2_smt" rel="assessment-for" />
                </part>
                <part id="ac-6.2_asm-examine" name="assessment-method">
                    <prop name="method" ns="http://csrc.nist.gov/ns/rmf" value="EXAMINE" />
                    <prop name="label" value="AC-06(02)-Examine" class="sp800-53a" />
                    <part name="assessment-objects">
                        <p>Access control policy</p>
                        <p>procedures addressing least privilege</p>
                        <p>list of system-generated security functions or security-relevant
                            information assigned to system accounts or roles</p>
                        <p>system configuration settings and associated documentation</p>
                        <p>system audit records</p>
                        <p>system security plan</p>
                        <p>other relevant documents or records</p>
                    </part>
                </part>
                <part id="ac-6.2_asm-interview" name="assessment-method">
                    <prop name="method" ns="http://csrc.nist.gov/ns/rmf" value="INTERVIEW" />
                    <prop name="label" value="AC-06(02)-Interview" class="sp800-53a" />
                    <part name="assessment-objects">
                        <p>Organizational personnel with responsibilities for defining least
                            privileges necessary to accomplish specified tasks</p>
                        <p>organizational personnel with information security responsibilities</p>
                        <p>system/network administrators</p>
                    </part>
                </part>
                <part id="ac-6.2_asm-test" name="assessment-method">
                    <prop name="method" ns="http://csrc.nist.gov/ns/rmf" value="TEST" />
                    <prop name="label" value="AC-06(02)-Test" class="sp800-53a" />
                    <part name="assessment-objects">
                        <p>Mechanisms implementing least privilege functions</p>
                    </part>
                </part>
            </control>
            <control id="ac-6.5" class="SP800-53-enhancement">
                <title>Privileged Accounts</title>
                <param id="ac-06.05_odp">
                    <prop name="alt-identifier" value="ac-6.5_prm_1" />
                    <prop name="label" value="AC-06(05)_ODP" class="sp800-53a" />
                    <label>personnel or roles</label>
                    <guideline>
                        <p>personnel or roles to which privileged accounts on the system are to be
                            restricted is/are defined;</p>
                    </guideline>
                </param>
                <prop name="label" value="AC-06(05)" class="zero-padded" />
                <prop name="label" value="AC-6(5)" />
                <prop name="label" value="AC-06(05)" class="sp800-53a" />
                <prop name="sort-id" value="ac-06.05" />
                <prop name="implementation-level" ns="http://csrc.nist.gov/ns/rmf"
                    value="organization" />
                <link href="#ac-6" rel="required" />
                <link href="#ia-2" rel="related" />
                <link
                    href="https://raw.githubusercontent.com/usnistgov/oscal-content/main/nist.gov/SP800-53/rev5/xml/NIST_SP-800-53_rev5_MODERATE-baseline_profile.xml#ma-3"
                    rel="related" />
                <link
                    href="https://raw.githubusercontent.com/usnistgov/oscal-content/main/nist.gov/SP800-53/rev5/xml/NIST_SP-800-53_rev5_MODERATE-baseline_profile.xml#ma-4"
                    rel="related" />
                <part id="ac-6.5_smt" name="statement">
                    <p>Restrict privileged accounts on the system to <insert type="param"
                            id-ref="ac-06.05_odp" />.</p>
                </part>
                <part id="ac-6.5_gdn" name="guidance">
                    <p>Privileged accounts, including super user accounts, are typically described
                        as system administrator for various types of commercial off-the-shelf
                        operating systems. Restricting privileged accounts to specific personnel or
                        roles prevents day-to-day users from accessing privileged information or
                        privileged functions. Organizations may differentiate in the application of
                        restricting privileged accounts between allowed privileges for local
                        accounts and for domain accounts provided that they retain the ability to
                        control system configurations for key parameters and as otherwise necessary
                        to sufficiently mitigate risk.</p>
                </part>
                <part id="ac-6.5_obj" name="assessment-objective">
                    <prop name="label" value="AC-06(05)" class="sp800-53a" />
                    <p>privileged accounts on the system are restricted to <insert type="param"
                            id-ref="ac-06.05_odp" />.</p>
                    <link href="#ac-6.5_smt" rel="assessment-for" />
                </part>
                <part id="ac-6.5_asm-examine" name="assessment-method">
                    <prop name="method" ns="http://csrc.nist.gov/ns/rmf" value="EXAMINE" />
                    <prop name="label" value="AC-06(05)-Examine" class="sp800-53a" />
                    <part name="assessment-objects">
                        <p>Access control policy</p>
                        <p>procedures addressing least privilege</p>
                        <p>list of system-generated privileged accounts</p>
                        <p>list of system administration personnel</p>
                        <p>system configuration settings and associated documentation</p>
                        <p>system audit records</p>
                        <p>system security plan</p>
                        <p>other relevant documents or records</p>
                    </part>
                </part>
                <part id="ac-6.5_asm-interview" name="assessment-method">
                    <prop name="method" ns="http://csrc.nist.gov/ns/rmf" value="INTERVIEW" />
                    <prop name="label" value="AC-06(05)-Interview" class="sp800-53a" />
                    <part name="assessment-objects">
                        <p>Organizational personnel with responsibilities for defining least
                            privileges necessary to accomplish specified tasks</p>
                        <p>organizational personnel with information security responsibilities</p>
                        <p>system/network administrators</p>
                    </part>
                </part>
                <part id="ac-6.5_asm-test" name="assessment-method">
                    <prop name="method" ns="http://csrc.nist.gov/ns/rmf" value="TEST" />
                    <prop name="label" value="AC-06(05)-Test" class="sp800-53a" />
                    <part name="assessment-objects">
                        <p>Mechanisms implementing least privilege functions</p>
                    </part>
                </part>
            </control>
            <control id="ac-6.7" class="SP800-53-enhancement">
                <title>Review of User Privileges</title>
                <param id="ac-06.07_odp.01">
                    <prop name="alt-identifier" value="ac-6.7_prm_1" />
                    <prop name="label" value="AC-06(07)_ODP[01]" class="sp800-53a" />
                    <label>frequency</label>
                    <guideline>
                        <p>the frequency at which to review the privileges assigned to roles or
                            classes of users is defined;</p>
                    </guideline>
                </param>
                <param id="ac-06.07_odp.02">
                    <prop name="alt-identifier" value="ac-6.7_prm_2" />
                    <prop name="alt-label" value="roles or classes of users" class="sp800-53" />
                    <prop name="label" value="AC-06(07)_ODP[02]" class="sp800-53a" />
                    <label>roles and classes</label>
                    <guideline>
                        <p>roles or classes of users to which privileges are assigned are defined;</p>
                    </guideline>
                </param>
                <prop name="label" value="AC-06(07)" class="zero-padded" />
                <prop name="label" value="AC-6(7)" />
                <prop name="label" value="AC-06(07)" class="sp800-53a" />
                <prop name="sort-id" value="ac-06.07" />
                <prop name="implementation-level" ns="http://csrc.nist.gov/ns/rmf"
                    value="organization" />
                <link href="#ac-6" rel="required" />
                <link
                    href="https://raw.githubusercontent.com/usnistgov/oscal-content/main/nist.gov/SP800-53/rev5/xml/NIST_SP-800-53_rev5_MODERATE-baseline_profile.xml#ca-7"
                    rel="related" />
                <part id="ac-6.7_smt" name="statement">
                    <part id="ac-6.7_smt.a" name="item">
                        <prop name="label" value="(a)" />
                        <p>Review <insert type="param" id-ref="ac-06.07_odp.01" /> the privileges
                            assigned to <insert type="param" id-ref="ac-06.07_odp.02" /> to validate
                            the need for such privileges; and</p>
                    </part>
                    <part id="ac-6.7_smt.b" name="item">
                        <prop name="label" value="(b)" />
                        <p>Reassign or remove privileges, if necessary, to correctly reflect
                            organizational mission and business needs.</p>
                    </part>
                </part>
                <part id="ac-6.7_gdn" name="guidance">
                    <p>The need for certain assigned user privileges may change over time to reflect
                        changes in organizational mission and business functions, environments of
                        operation, technologies, or threats. A periodic review of assigned user
                        privileges is necessary to determine if the rationale for assigning such
                        privileges remains valid. If the need cannot be revalidated, organizations
                        take appropriate corrective actions.</p>
                </part>
                <part id="ac-6.7_obj" name="assessment-objective">
                    <prop name="label" value="AC-06(07)" class="sp800-53a" />
                    <part id="ac-6.7_obj.a" name="assessment-objective">
                        <prop name="label" value="AC-06(07)(a)" class="sp800-53a" />
                        <p>privileges assigned to <insert type="param" id-ref="ac-06.07_odp.02" />
                            are reviewed <insert type="param" id-ref="ac-06.07_odp.01" /> to
                            validate the need for such privileges;</p>
                        <link href="#ac-6.7_smt.a" rel="assessment-for" />
                    </part>
                    <part id="ac-6.7_obj.b" name="assessment-objective">
                        <prop name="label" value="AC-06(07)(b)" class="sp800-53a" />
                        <p>privileges are reassigned or removed, if necessary, to correctly reflect
                            organizational mission and business needs.</p>
                        <link href="#ac-6.7_smt.b" rel="assessment-for" />
                    </part>
                    <link href="#ac-6.7_smt" rel="assessment-for" />
                </part>
                <part id="ac-6.7_asm-examine" name="assessment-method">
                    <prop name="method" ns="http://csrc.nist.gov/ns/rmf" value="EXAMINE" />
                    <prop name="label" value="AC-06(07)-Examine" class="sp800-53a" />
                    <part name="assessment-objects">
                        <p>Access control policy</p>
                        <p>procedures addressing least privilege</p>
                        <p>list of system-generated roles or classes of users and assigned
                            privileges</p>
                        <p>system design documentation</p>
                        <p>system configuration settings and associated documentation</p>
                        <p>validation reviews of privileges assigned to roles or classes or users</p>
                        <p>records of privilege removals or reassignments for roles or classes of
                            users</p>
                        <p>system audit records</p>
                        <p>system security plan</p>
                        <p>other relevant documents or records</p>
                    </part>
                </part>
                <part id="ac-6.7_asm-interview" name="assessment-method">
                    <prop name="method" ns="http://csrc.nist.gov/ns/rmf" value="INTERVIEW" />
                    <prop name="label" value="AC-06(07)-Interview" class="sp800-53a" />
                    <part name="assessment-objects">
                        <p>Organizational personnel with responsibilities for reviewing least
                            privileges necessary to accomplish specified tasks</p>
                        <p>organizational personnel with information security responsibilities</p>
                        <p>system/network administrators</p>
                    </part>
                </part>
                <part id="ac-6.7_asm-test" name="assessment-method">
                    <prop name="method" ns="http://csrc.nist.gov/ns/rmf" value="TEST" />
                    <prop name="label" value="AC-06(07)-Test" class="sp800-53a" />
                    <part name="assessment-objects">
                        <p>Mechanisms implementing review of user privileges</p>
                    </part>
                </part>
            </control>
            <control id="ac-6.9" class="SP800-53-enhancement">
                <title>Log Use of Privileged Functions</title>
                <prop name="label" value="AC-06(09)" class="zero-padded" />
                <prop name="label" value="AC-6(9)" />
                <prop name="label" value="AC-06(09)" class="sp800-53a" />
                <prop name="sort-id" value="ac-06.09" />
                <prop name="implementation-level" ns="http://csrc.nist.gov/ns/rmf" value="system" />
                <link href="#ac-6" rel="required" />
                <link href="#au-2" rel="related" />
                <link href="#au-3" rel="related" />
                <link href="#au-12" rel="related" />
                <part id="ac-6.9_smt" name="statement">
                    <p>Log the execution of privileged functions.</p>
                </part>
                <part id="ac-6.9_gdn" name="guidance">
                    <p>The misuse of privileged functions, either intentionally or unintentionally
                        by authorized users or by unauthorized external entities that have
                        compromised system accounts, is a serious and ongoing concern and can have
                        significant adverse impacts on organizations. Logging and analyzing the use
                        of privileged functions is one way to detect such misuse and, in doing so,
                        help mitigate the risk from insider threats and the advanced persistent
                        threat.</p>
                </part>
                <part id="ac-6.9_obj" name="assessment-objective">
                    <prop name="label" value="AC-06(09)" class="sp800-53a" />
                    <p>the execution of privileged functions is logged.</p>
                    <link href="#ac-6.9_smt" rel="assessment-for" />
                </part>
                <part id="ac-6.9_asm-examine" name="assessment-method">
                    <prop name="method" ns="http://csrc.nist.gov/ns/rmf" value="EXAMINE" />
                    <prop name="label" value="AC-06(09)-Examine" class="sp800-53a" />
                    <part name="assessment-objects">
                        <p>Access control policy</p>
                        <p>procedures addressing least privilege</p>
                        <p>system design documentation</p>
                        <p>system configuration settings and associated documentation</p>
                        <p>list of privileged functions to be audited</p>
                        <p>list of audited events</p>
                        <p>system audit records</p>
                        <p>system security plan</p>
                        <p>other relevant documents or records</p>
                    </part>
                </part>
                <part id="ac-6.9_asm-interview" name="assessment-method">
                    <prop name="method" ns="http://csrc.nist.gov/ns/rmf" value="INTERVIEW" />
                    <prop name="label" value="AC-06(09)-Interview" class="sp800-53a" />
                    <part name="assessment-objects">
                        <p>Organizational personnel with responsibilities for reviewing least
                            privileges necessary to accomplish specified tasks</p>
                        <p>organizational personnel with information security responsibilities</p>
                        <p>system/network administrators</p>
                        <p>system developers</p>
                    </part>
                </part>
                <part id="ac-6.9_asm-test" name="assessment-method">
                    <prop name="method" ns="http://csrc.nist.gov/ns/rmf" value="TEST" />
                    <prop name="label" value="AC-06(09)-Test" class="sp800-53a" />
                    <part name="assessment-objects">
                        <p>Mechanisms auditing the execution of least privilege functions</p>
                    </part>
                </part>
            </control>
            <control id="ac-6.10" class="SP800-53-enhancement">
                <title>Prohibit Non-privileged Users from Executing Privileged Functions</title>
                <prop name="label" value="AC-06(10)" class="zero-padded" />
                <prop name="label" value="AC-6(10)" />
                <prop name="label" value="AC-06(10)" class="sp800-53a" />
                <prop name="sort-id" value="ac-06.10" />
                <prop name="implementation-level" ns="http://csrc.nist.gov/ns/rmf" value="system" />
                <link href="#ac-6" rel="required" />
                <part id="ac-6.10_smt" name="statement">
                    <p>Prevent non-privileged users from executing privileged functions.</p>
                </part>
                <part id="ac-6.10_gdn" name="guidance">
                    <p>Privileged functions include disabling, circumventing, or altering
                        implemented security or privacy controls, establishing system accounts,
                        performing system integrity checks, and administering cryptographic key
                        management activities. Non-privileged users are individuals who do not
                        possess appropriate authorizations. Privileged functions that require
                        protection from non-privileged users include circumventing intrusion
                        detection and prevention mechanisms or malicious code protection mechanisms.
                        Preventing non-privileged users from executing privileged functions is
                        enforced by <a href="#ac-3">AC-3</a>.</p>
                </part>
                <part id="ac-6.10_obj" name="assessment-objective">
                    <prop name="label" value="AC-06(10)" class="sp800-53a" />
                    <p>non-privileged users are prevented from executing privileged functions.</p>
                    <link href="#ac-6.10_smt" rel="assessment-for" />
                </part>
                <part id="ac-6.10_asm-examine" name="assessment-method">
                    <prop name="method" ns="http://csrc.nist.gov/ns/rmf" value="EXAMINE" />
                    <prop name="label" value="AC-06(10)-Examine" class="sp800-53a" />
                    <part name="assessment-objects">
                        <p>Access control policy</p>
                        <p>procedures addressing least privilege</p>
                        <p>system design documentation</p>
                        <p>system configuration settings and associated documentation</p>
                        <p>list of privileged functions and associated user account assignments</p>
                        <p>system audit records</p>
                        <p>system security plan</p>
                        <p>other relevant documents or records</p>
                    </part>
                </part>
                <part id="ac-6.10_asm-interview" name="assessment-method">
                    <prop name="method" ns="http://csrc.nist.gov/ns/rmf" value="INTERVIEW" />
                    <prop name="label" value="AC-06(10)-Interview" class="sp800-53a" />
                    <part name="assessment-objects">
                        <p>Organizational personnel with responsibilities for defining least
                            privileges necessary to accomplish specified tasks</p>
                        <p>organizational personnel with information security responsibilities</p>
                        <p>system developers</p>
                    </part>
                </part>
                <part id="ac-6.10_asm-test" name="assessment-method">
                    <prop name="method" ns="http://csrc.nist.gov/ns/rmf" value="TEST" />
                    <prop name="label" value="AC-06(10)-Test" class="sp800-53a" />
                    <part name="assessment-objects">
                        <p>Mechanisms implementing least privilege functions for non-privileged
                            users</p>
                    </part>
                </part>
            </control>
        </control>
        <control id="ac-7" class="SP800-53">
            <title>Unsuccessful Logon Attempts</title>
            <param id="ac-07_odp.01">
                <prop name="alt-identifier" value="ac-7_prm_1" />
                <prop name="label" value="AC-07_ODP[01]" class="sp800-53a" />
                <label>number</label>
                <guideline>
                    <p>the number of consecutive invalid logon attempts by a user allowed during a
                        time period is defined;</p>
                </guideline>
            </param>
            <param id="ac-07_odp.02">
                <prop name="alt-identifier" value="ac-7_prm_2" />
                <prop name="label" value="AC-07_ODP[02]" class="sp800-53a" />
                <label>time period</label>
                <guideline>
                    <p>the time period to which the number of consecutive invalid logon attempts by
                        a user is limited is defined;</p>
                </guideline>
            </param>
            <param id="ac-07_odp.03">
                <prop name="alt-identifier" value="ac-7_prm_3" />
                <prop name="label" value="AC-07_ODP[03]" class="sp800-53a" />
                <select how-many="one-or-more">
                    <choice>lock the account or node for <insert type="param" id-ref="ac-07_odp.04" /></choice>
                    <choice>lock the account or node until released by an administrator</choice>
                    <choice>delay next logon prompt per <insert type="param" id-ref="ac-07_odp.05" /></choice>
                    <choice>notify system administrator</choice>
                    <choice>take other <insert type="param" id-ref="ac-07_odp.06" /></choice>
                </select>
            </param>
            <param id="ac-07_odp.04">
                <prop name="alt-identifier" value="ac-7_prm_4" />
                <prop name="label" value="AC-07_ODP[04]" class="sp800-53a" />
                <label>time period</label>
                <guideline>
                    <p>time period for an account or node to be locked is defined (if selected);</p>
                </guideline>
            </param>
            <param id="ac-07_odp.05">
                <prop name="alt-identifier" value="ac-7_prm_5" />
                <prop name="label" value="AC-07_ODP[05]" class="sp800-53a" />
                <label>delay algorithm</label>
                <guideline>
                    <p>delay algorithm for the next logon prompt is defined (if selected);</p>
                </guideline>
            </param>
            <param id="ac-07_odp.06">
                <prop name="alt-identifier" value="ac-7_prm_6" />
                <prop name="label" value="AC-07_ODP[06]" class="sp800-53a" />
                <label>action</label>
                <guideline>
                    <p>other action to be taken when the maximum number of unsuccessful attempts is
                        exceeded is defined (if selected);</p>
                </guideline>
            </param>
            <prop name="label" value="AC-07" class="zero-padded" />
            <prop name="label" value="AC-7" />
            <prop name="label" value="AC-07" class="sp800-53a" />
            <prop name="sort-id" value="ac-07" />
            <prop name="implementation-level" ns="http://csrc.nist.gov/ns/rmf" value="system" />
            <link href="#737513fa-6758-403f-831d-5ddab5e23cb3" rel="reference" />
            <link href="#0f66be67-85e7-4ca6-bd19-39453e9f4394" rel="reference" />
            <link href="#ac-2" rel="related" />
            <link
                href="https://raw.githubusercontent.com/usnistgov/oscal-content/main/nist.gov/SP800-53/rev5/xml/NIST_SP-800-53_rev5_catalog.xml#ac-9"
                rel="related" />
            <link href="#au-2" rel="related" />
            <link
                href="https://raw.githubusercontent.com/usnistgov/oscal-content/main/nist.gov/SP800-53/rev5/xml/NIST_SP-800-53_rev5_MODERATE-baseline_profile.xml#au-6"
                rel="related" />
            <link
                href="https://raw.githubusercontent.com/usnistgov/oscal-content/main/nist.gov/SP800-53/rev5/xml/NIST_SP-800-53_rev5_MODERATE-baseline_profile.xml#ia-5"
                rel="related" />
            <part id="ac-7_smt" name="statement">
                <part id="ac-7_smt.a" name="item">
                    <prop name="label" value="a." />
                    <p>Enforce a limit of <insert type="param" id-ref="ac-07_odp.01" /> consecutive
                        invalid logon attempts by a user during a <insert type="param"
                            id-ref="ac-07_odp.02" /> ; and</p>
                </part>
                <part id="ac-7_smt.b" name="item">
                    <prop name="label" value="b." />
                    <p>Automatically <insert type="param" id-ref="ac-07_odp.03" /> when the maximum
                        number of unsuccessful attempts is exceeded.</p>
                </part>
            </part>
            <part id="ac-7_gdn" name="guidance">
                <p>The need to limit unsuccessful logon attempts and take subsequent action when the
                    maximum number of attempts is exceeded applies regardless of whether the logon
                    occurs via a local or network connection. Due to the potential for denial of
                    service, automatic lockouts initiated by systems are usually temporary and
                    automatically release after a predetermined, organization-defined time period.
                    If a delay algorithm is selected, organizations may employ different algorithms
                    for different components of the system based on the capabilities of those
                    components. Responses to unsuccessful logon attempts may be implemented at the
                    operating system and the application levels. Organization-defined actions that
                    may be taken when the number of allowed consecutive invalid logon attempts is
                    exceeded include prompting the user to answer a secret question in addition to
                    the username and password, invoking a lockdown mode with limited user
                    capabilities (instead of full lockout), allowing users to only logon from
                    specified Internet Protocol (IP) addresses, requiring a CAPTCHA to prevent
                    automated attacks, or applying user profiles such as location, time of day, IP
                    address, device, or Media Access Control (MAC) address. If automatic system
                    lockout or execution of a delay algorithm is not implemented in support of the
                    availability objective, organizations consider a combination of other actions to
                    help prevent brute force attacks. In addition to the above, organizations can
                    prompt users to respond to a secret question before the number of allowed
                    unsuccessful logon attempts is exceeded. Automatically unlocking an account
                    after a specified period of time is generally not permitted. However, exceptions
                    may be required based on operational mission or need.</p>
            </part>
            <part id="ac-7_obj" name="assessment-objective">
                <prop name="label" value="AC-07" class="sp800-53a" />
                <part id="ac-7_obj.a" name="assessment-objective">
                    <prop name="label" value="AC-07a." class="sp800-53a" />
                    <p>a limit of <insert type="param" id-ref="ac-07_odp.01" /> consecutive invalid
                        logon attempts by a user during <insert type="param" id-ref="ac-07_odp.02" />
                        is enforced;</p>
                    <link href="#ac-7_smt.a" rel="assessment-for" />
                </part>
                <part id="ac-7_obj.b" name="assessment-objective">
                    <prop name="label" value="AC-07b." class="sp800-53a" />
                    <p>automatically <insert type="param" id-ref="ac-07_odp.03" /> when the maximum
                        number of unsuccessful attempts is exceeded.</p>
                    <link href="#ac-7_smt.b" rel="assessment-for" />
                </part>
                <link href="#ac-7_smt" rel="assessment-for" />
            </part>
            <part id="ac-7_asm-examine" name="assessment-method">
                <prop name="method" ns="http://csrc.nist.gov/ns/rmf" value="EXAMINE" />
                <prop name="label" value="AC-07-Examine" class="sp800-53a" />
                <part name="assessment-objects">
                    <p>Access control policy</p>
                    <p>procedures addressing unsuccessful logon attempts</p>
                    <p>system design documentation</p>
                    <p>system configuration settings and associated documentation</p>
                    <p>system audit records</p>
                    <p>system security plan</p>
                    <p>other relevant documents or records</p>
                </part>
            </part>
            <part id="ac-7_asm-interview" name="assessment-method">
                <prop name="method" ns="http://csrc.nist.gov/ns/rmf" value="INTERVIEW" />
                <prop name="label" value="AC-07-Interview" class="sp800-53a" />
                <part name="assessment-objects">
                    <p>Organizational personnel with information security responsibilities</p>
                    <p>system developers</p>
                    <p>system/network administrators</p>
                </part>
            </part>
            <part id="ac-7_asm-test" name="assessment-method">
                <prop name="method" ns="http://csrc.nist.gov/ns/rmf" value="TEST" />
                <prop name="label" value="AC-07-Test" class="sp800-53a" />
                <part name="assessment-objects">
                    <p>Mechanisms implementing access control policy for unsuccessful logon attempts</p>
                </part>
            </part>
        </control>
        <control id="ac-8" class="SP800-53">
            <title>System Use Notification</title>
            <param id="ac-08_odp.01">
                <prop name="alt-identifier" value="ac-8_prm_1" />
                <prop name="alt-label" value="system use notification message or banner"
                    class="sp800-53" />
                <prop name="label" value="AC-08_ODP[01]" class="sp800-53a" />
                <label>system use notification</label>
                <guideline>
                    <p>system use notification message or banner to be displayed by the system to
                        users before granting access to the system is defined;</p>
                </guideline>
            </param>
            <param id="ac-08_odp.02">
                <prop name="alt-identifier" value="ac-8_prm_2" />
                <prop name="label" value="AC-08_ODP[02]" class="sp800-53a" />
                <label>conditions</label>
                <guideline>
                    <p>conditions for system use to be displayed by the system before granting
                        further access are defined;</p>
                </guideline>
            </param>
            <prop name="label" value="AC-08" class="zero-padded" />
            <prop name="label" value="AC-8" />
            <prop name="label" value="AC-08" class="sp800-53a" />
            <prop name="sort-id" value="ac-08" />
            <prop name="implementation-level" ns="http://csrc.nist.gov/ns/rmf" value="organization" />
            <prop name="implementation-level" ns="http://csrc.nist.gov/ns/rmf" value="system" />
            <link
                href="https://raw.githubusercontent.com/usnistgov/oscal-content/main/nist.gov/SP800-53/rev5/xml/NIST_SP-800-53_rev5_MODERATE-baseline_profile.xml#ac-14"
                rel="related" />
            <link
                href="https://raw.githubusercontent.com/usnistgov/oscal-content/main/nist.gov/SP800-53/rev5/xml/NIST_SP-800-53_rev5_MODERATE-baseline_profile.xml#pl-4"
                rel="related" />
            <link
                href="https://raw.githubusercontent.com/usnistgov/oscal-content/main/nist.gov/SP800-53/rev5/xml/NIST_SP-800-53_rev5_MODERATE-baseline_profile.xml#si-4"
                rel="related" />
            <part id="ac-8_smt" name="statement">
                <part id="ac-8_smt.a" name="item">
                    <prop name="label" value="a." />
                    <p>Display <insert type="param" id-ref="ac-08_odp.01" /> to users before
                        granting access to the system that provides privacy and security notices
                        consistent with applicable laws, executive orders, directives, regulations,
                        policies, standards, and guidelines and state that:</p>
                    <part id="ac-8_smt.a.1" name="item">
                        <prop name="label" value="1." />
                        <p>Users are accessing a U.S. Government system;</p>
                    </part>
                    <part id="ac-8_smt.a.2" name="item">
                        <prop name="label" value="2." />
                        <p>System usage may be monitored, recorded, and subject to audit;</p>
                    </part>
                    <part id="ac-8_smt.a.3" name="item">
                        <prop name="label" value="3." />
                        <p>Unauthorized use of the system is prohibited and subject to criminal and
                            civil penalties; and</p>
                    </part>
                    <part id="ac-8_smt.a.4" name="item">
                        <prop name="label" value="4." />
                        <p>Use of the system indicates consent to monitoring and recording;</p>
                    </part>
                </part>
                <part id="ac-8_smt.b" name="item">
                    <prop name="label" value="b." />
                    <p>Retain the notification message or banner on the screen until users
                        acknowledge the usage conditions and take explicit actions to log on to or
                        further access the system; and</p>
                </part>
                <part id="ac-8_smt.c" name="item">
                    <prop name="label" value="c." />
                    <p>For publicly accessible systems:</p>
                    <part id="ac-8_smt.c.1" name="item">
                        <prop name="label" value="1." />
                        <p>Display system use information <insert type="param" id-ref="ac-08_odp.02" />
                            , before granting further access to the publicly accessible system;</p>
                    </part>
                    <part id="ac-8_smt.c.2" name="item">
                        <prop name="label" value="2." />
                        <p>Display references, if any, to monitoring, recording, or auditing that
                            are consistent with privacy accommodations for such systems that
                            generally prohibit those activities; and</p>
                    </part>
                    <part id="ac-8_smt.c.3" name="item">
                        <prop name="label" value="3." />
                        <p>Include a description of the authorized uses of the system.</p>
                    </part>
                </part>
            </part>
            <part id="ac-8_gdn" name="guidance">
                <p>System use notifications can be implemented using messages or warning banners
                    displayed before individuals log in to systems. System use notifications are
                    used only for access via logon interfaces with human users. Notifications are
                    not required when human interfaces do not exist. Based on an assessment of risk,
                    organizations consider whether or not a secondary system use notification is
                    needed to access applications or other system resources after the initial
                    network logon. Organizations consider system use notification messages or
                    banners displayed in multiple languages based on organizational needs and the
                    demographics of system users. Organizations consult with the privacy office for
                    input regarding privacy messaging and the Office of the General Counsel or
                    organizational equivalent for legal review and approval of warning banner
                    content.</p>
            </part>
            <part id="ac-8_obj" name="assessment-objective">
                <prop name="label" value="AC-08" class="sp800-53a" />
                <part id="ac-8_obj.a" name="assessment-objective">
                    <prop name="label" value="AC-08a." class="sp800-53a" />
                    <p><insert type="param" id-ref="ac-08_odp.01" /> is displayed to users before
                        granting access to the system that provides privacy and security notices
                        consistent with applicable laws, Executive Orders, directives, regulations,
                        policies, standards, and guidelines;</p>
                    <part id="ac-8_obj.a.1" name="assessment-objective">
                        <prop name="label" value="AC-08a.01" class="sp800-53a" />
                        <p>the system use notification states that users are accessing a U.S.
                            Government system;</p>
                        <link href="#ac-8_smt.a.1" rel="assessment-for" />
                    </part>
                    <part id="ac-8_obj.a.2" name="assessment-objective">
                        <prop name="label" value="AC-08a.02" class="sp800-53a" />
                        <p>the system use notification states that system usage may be monitored,
                            recorded, and subject to audit;</p>
                        <link href="#ac-8_smt.a.2" rel="assessment-for" />
                    </part>
                    <part id="ac-8_obj.a.3" name="assessment-objective">
                        <prop name="label" value="AC-08a.03" class="sp800-53a" />
                        <p>the system use notification states that unauthorized use of the system is
                            prohibited and subject to criminal and civil penalties; and</p>
                        <link href="#ac-8_smt.a.3" rel="assessment-for" />
                    </part>
                    <part id="ac-8_obj.a.4" name="assessment-objective">
                        <prop name="label" value="AC-08a.04" class="sp800-53a" />
                        <p>the system use notification states that use of the system indicates
                            consent to monitoring and recording;</p>
                        <link href="#ac-8_smt.a.4" rel="assessment-for" />
                    </part>
                    <link href="#ac-8_smt.a" rel="assessment-for" />
                </part>
                <part id="ac-8_obj.b" name="assessment-objective">
                    <prop name="label" value="AC-08b." class="sp800-53a" />
                    <p>the notification message or banner is retained on the screen until users
                        acknowledge the usage conditions and take explicit actions to log on to or
                        further access the system;</p>
                    <link href="#ac-8_smt.b" rel="assessment-for" />
                </part>
                <part id="ac-8_obj.c" name="assessment-objective">
                    <prop name="label" value="AC-08c." class="sp800-53a" />
                    <part id="ac-8_obj.c.1" name="assessment-objective">
                        <prop name="label" value="AC-08c.01" class="sp800-53a" />
                        <p>for publicly accessible systems, system use information <insert
                                type="param" id-ref="ac-08_odp.02" /> is displayed before granting
                            further access to the publicly accessible system;</p>
                        <link href="#ac-8_smt.c.1" rel="assessment-for" />
                    </part>
                    <part id="ac-8_obj.c.2" name="assessment-objective">
                        <prop name="label" value="AC-08c.02" class="sp800-53a" />
                        <p>for publicly accessible systems, any references to monitoring, recording,
                            or auditing that are consistent with privacy accommodations for such
                            systems that generally prohibit those activities are displayed;</p>
                        <link href="#ac-8_smt.c.2" rel="assessment-for" />
                    </part>
                    <part id="ac-8_obj.c.3" name="assessment-objective">
                        <prop name="label" value="AC-08c.03" class="sp800-53a" />
                        <p>for publicly accessible systems, a description of the authorized uses of
                            the system is included.</p>
                        <link href="#ac-8_smt.c.3" rel="assessment-for" />
                    </part>
                    <link href="#ac-8_smt.c" rel="assessment-for" />
                </part>
                <link href="#ac-8_smt" rel="assessment-for" />
            </part>
            <part id="ac-8_asm-examine" name="assessment-method">
                <prop name="method" ns="http://csrc.nist.gov/ns/rmf" value="EXAMINE" />
                <prop name="label" value="AC-08-Examine" class="sp800-53a" />
                <part name="assessment-objects">
                    <p>Access control policy</p>
                    <p>privacy and security policies, procedures addressing system use notification</p>
                    <p>documented approval of system use notification messages or banners</p>
                    <p>system audit records</p>
                    <p>user acknowledgements of notification message or banner</p>
                    <p>system design documentation</p>
                    <p>system configuration settings and associated documentation</p>
                    <p>system use notification messages</p>
                    <p>system security plan</p>
                    <p>privacy plan</p>
                    <p>privacy impact assessment</p>
                    <p>privacy assessment report</p>
                    <p>other relevant documents or records</p>
                </part>
            </part>
            <part id="ac-8_asm-interview" name="assessment-method">
                <prop name="method" ns="http://csrc.nist.gov/ns/rmf" value="INTERVIEW" />
                <prop name="label" value="AC-08-Interview" class="sp800-53a" />
                <part name="assessment-objects">
                    <p>System/network administrators</p>
                    <p>organizational personnel with information security and privacy
                        responsibilities</p>
                    <p>legal counsel</p>
                    <p>system developers</p>
                </part>
            </part>
            <part id="ac-8_asm-test" name="assessment-method">
                <prop name="method" ns="http://csrc.nist.gov/ns/rmf" value="TEST" />
                <prop name="label" value="AC-08-Test" class="sp800-53a" />
                <part name="assessment-objects">
                    <p>Mechanisms implementing system use notification</p>
                </part>
            </part>
        </control>
        <control id="ac-17" class="SP800-53">
            <title>Remote Access</title>
            <prop name="label" value="AC-17" class="zero-padded" />
            <prop name="label" value="AC-17" />
            <prop name="label" value="AC-17" class="sp800-53a" />
            <prop name="sort-id" value="ac-17" />
            <prop name="implementation-level" ns="http://csrc.nist.gov/ns/rmf" value="organization" />
            <link href="#83b9d63b-66b1-467c-9f3b-3a0b108771e9" rel="reference" />
            <link href="#d4d7c760-2907-403b-8b2a-767ca5370ecd" rel="reference" />
            <link href="#6bc4d137-aece-42a8-8081-9ecb1ebe9fb4" rel="reference" />
            <link href="#42e37e51-7cc0-4ffa-81c9-0ac942da7e99" rel="reference" />
            <link href="#d17ebd7a-ffab-499d-bfff-e705bbb01fa6" rel="reference" />
            <link href="#3915a084-b87b-4f02-83d4-c369e746292f" rel="reference" />
            <link href="#ac-2" rel="related" />
            <link href="#ac-3" rel="related" />
            <link
                href="https://raw.githubusercontent.com/usnistgov/oscal-content/main/nist.gov/SP800-53/rev5/xml/NIST_SP-800-53_rev5_MODERATE-baseline_profile.xml#ac-4"
                rel="related" />
            <link
                href="https://raw.githubusercontent.com/usnistgov/oscal-content/main/nist.gov/SP800-53/rev5/xml/NIST_SP-800-53_rev5_MODERATE-baseline_profile.xml#ac-18"
                rel="related" />
            <link
                href="https://raw.githubusercontent.com/usnistgov/oscal-content/main/nist.gov/SP800-53/rev5/xml/NIST_SP-800-53_rev5_MODERATE-baseline_profile.xml#ac-19"
                rel="related" />
            <link
                href="https://raw.githubusercontent.com/usnistgov/oscal-content/main/nist.gov/SP800-53/rev5/xml/NIST_SP-800-53_rev5_MODERATE-baseline_profile.xml#ac-20"
                rel="related" />
            <link
                href="https://raw.githubusercontent.com/usnistgov/oscal-content/main/nist.gov/SP800-53/rev5/xml/NIST_SP-800-53_rev5_MODERATE-baseline_profile.xml#ca-3"
                rel="related" />
            <link
                href="https://raw.githubusercontent.com/usnistgov/oscal-content/main/nist.gov/SP800-53/rev5/xml/NIST_SP-800-53_rev5_MODERATE-baseline_profile.xml#cm-10"
                rel="related" />
            <link href="#ia-2" rel="related" />
            <link
                href="https://raw.githubusercontent.com/usnistgov/oscal-content/main/nist.gov/SP800-53/rev5/xml/NIST_SP-800-53_rev5_MODERATE-baseline_profile.xml#ia-3"
                rel="related" />
            <link
                href="https://raw.githubusercontent.com/usnistgov/oscal-content/main/nist.gov/SP800-53/rev5/xml/NIST_SP-800-53_rev5_MODERATE-baseline_profile.xml#ia-8"
                rel="related" />
            <link
                href="https://raw.githubusercontent.com/usnistgov/oscal-content/main/nist.gov/SP800-53/rev5/xml/NIST_SP-800-53_rev5_MODERATE-baseline_profile.xml#ma-4"
                rel="related" />
            <link
                href="https://raw.githubusercontent.com/usnistgov/oscal-content/main/nist.gov/SP800-53/rev5/xml/NIST_SP-800-53_rev5_MODERATE-baseline_profile.xml#pe-17"
                rel="related" />
            <link
                href="https://raw.githubusercontent.com/usnistgov/oscal-content/main/nist.gov/SP800-53/rev5/xml/NIST_SP-800-53_rev5_MODERATE-baseline_profile.xml#pl-2"
                rel="related" />
            <link
                href="https://raw.githubusercontent.com/usnistgov/oscal-content/main/nist.gov/SP800-53/rev5/xml/NIST_SP-800-53_rev5_MODERATE-baseline_profile.xml#pl-4"
                rel="related" />
            <link
                href="https://raw.githubusercontent.com/usnistgov/oscal-content/main/nist.gov/SP800-53/rev5/xml/NIST_SP-800-53_rev5_MODERATE-baseline_profile.xml#sc-10"
                rel="related" />
            <link
                href="https://raw.githubusercontent.com/usnistgov/oscal-content/main/nist.gov/SP800-53/rev5/xml/NIST_SP-800-53_rev5_MODERATE-baseline_profile.xml#sc-12"
                rel="related" />
            <link
                href="https://raw.githubusercontent.com/usnistgov/oscal-content/main/nist.gov/SP800-53/rev5/xml/NIST_SP-800-53_rev5_MODERATE-baseline_profile.xml#sc-13"
                rel="related" />
            <link
                href="https://raw.githubusercontent.com/usnistgov/oscal-content/main/nist.gov/SP800-53/rev5/xml/NIST_SP-800-53_rev5_MODERATE-baseline_profile.xml#si-4"
                rel="related" />
            <part id="ac-17_smt" name="statement">
                <part id="ac-17_smt.a" name="item">
                    <prop name="label" value="a." />
                    <p>Establish and document usage restrictions, configuration/connection
                        requirements, and implementation guidance for each type of remote access
                        allowed; and</p>
                </part>
                <part id="ac-17_smt.b" name="item">
                    <prop name="label" value="b." />
                    <p>Authorize each type of remote access to the system prior to allowing such
                        connections.</p>
                </part>
            </part>
            <part id="ac-17_gdn" name="guidance">
                <p>Remote access is access to organizational systems (or processes acting on behalf
                    of users) that communicate through external networks such as the Internet. Types
                    of remote access include dial-up, broadband, and wireless. Organizations use
                    encrypted virtual private networks (VPNs) to enhance confidentiality and
                    integrity for remote connections. The use of encrypted VPNs provides sufficient
                    assurance to the organization that it can effectively treat such connections as
                    internal networks if the cryptographic mechanisms used are implemented in
                    accordance with applicable laws, executive orders, directives, regulations,
                    policies, standards, and guidelines. Still, VPN connections traverse external
                    networks, and the encrypted VPN does not enhance the availability of remote
                    connections. VPNs with encrypted tunnels can also affect the ability to
                    adequately monitor network communications traffic for malicious code. Remote
                    access controls apply to systems other than public web servers or systems
                    designed for public access. Authorization of each remote access type addresses
                    authorization prior to allowing remote access without specifying the specific
                    formats for such authorization. While organizations may use information exchange
                    and system connection security agreements to manage remote access connections to
                    other systems, such agreements are addressed as part of <a
                        href="https://raw.githubusercontent.com/usnistgov/oscal-content/main/nist.gov/SP800-53/rev5/xml/NIST_SP-800-53_rev5_MODERATE-baseline_profile.xml#ca-3">
                    CA-3</a> . Enforcing access restrictions for remote access is addressed via <a
                        href="#ac-3">AC-3</a>.</p>
            </part>
            <part id="ac-17_obj" name="assessment-objective">
                <prop name="label" value="AC-17" class="sp800-53a" />
                <part id="ac-17_obj.a" name="assessment-objective">
                    <prop name="label" value="AC-17a." class="sp800-53a" />
                    <part id="ac-17_obj.a-1" name="assessment-objective">
                        <prop name="label" value="AC-17a.[01]" class="sp800-53a" />
                        <p>usage restrictions are established and documented for each type of remote
                            access allowed;</p>
                        <link href="#ac-17_smt.a" rel="assessment-for" />
                    </part>
                    <part id="ac-17_obj.a-2" name="assessment-objective">
                        <prop name="label" value="AC-17a.[02]" class="sp800-53a" />
                        <p>configuration/connection requirements are established and documented for
                            each type of remote access allowed;</p>
                        <link href="#ac-17_smt.a" rel="assessment-for" />
                    </part>
                    <part id="ac-17_obj.a-3" name="assessment-objective">
                        <prop name="label" value="AC-17a.[03]" class="sp800-53a" />
                        <p>implementation guidance is established and documented for each type of
                            remote access allowed;</p>
                        <link href="#ac-17_smt.a" rel="assessment-for" />
                    </part>
                    <link href="#ac-17_smt.a" rel="assessment-for" />
                </part>
                <part id="ac-17_obj.b" name="assessment-objective">
                    <prop name="label" value="AC-17b." class="sp800-53a" />
                    <p>each type of remote access to the system is authorized prior to allowing such
                        connections.</p>
                    <link href="#ac-17_smt.b" rel="assessment-for" />
                </part>
                <link href="#ac-17_smt" rel="assessment-for" />
            </part>
            <part id="ac-17_asm-examine" name="assessment-method">
                <prop name="method" ns="http://csrc.nist.gov/ns/rmf" value="EXAMINE" />
                <prop name="label" value="AC-17-Examine" class="sp800-53a" />
                <part name="assessment-objects">
                    <p>Access control policy</p>
                    <p>procedures addressing remote access implementation and usage (including
                        restrictions)</p>
                    <p>configuration management plan</p>
                    <p>system configuration settings and associated documentation</p>
                    <p>remote access authorizations</p>
                    <p>system audit records</p>
                    <p>system security plan</p>
                    <p>other relevant documents or records</p>
                </part>
            </part>
            <part id="ac-17_asm-interview" name="assessment-method">
                <prop name="method" ns="http://csrc.nist.gov/ns/rmf" value="INTERVIEW" />
                <prop name="label" value="AC-17-Interview" class="sp800-53a" />
                <part name="assessment-objects">
                    <p>Organizational personnel with responsibilities for managing remote access
                        connections</p>
                    <p>system/network administrators</p>
                    <p>organizational personnel with information security responsibilities</p>
                </part>
            </part>
            <part id="ac-17_asm-test" name="assessment-method">
                <prop name="method" ns="http://csrc.nist.gov/ns/rmf" value="TEST" />
                <prop name="label" value="AC-17-Test" class="sp800-53a" />
                <part name="assessment-objects">
                    <p>Remote access management capability for the system</p>
                </part>
            </part>
            <control id="ac-17.1" class="SP800-53-enhancement">
                <title>Monitoring and Control</title>
                <prop name="label" value="AC-17(01)" class="zero-padded" />
                <prop name="label" value="AC-17(1)" />
                <prop name="label" value="AC-17(01)" class="sp800-53a" />
                <prop name="sort-id" value="ac-17.01" />
                <prop name="implementation-level" ns="http://csrc.nist.gov/ns/rmf"
                    value="organization" />
                <prop name="implementation-level" ns="http://csrc.nist.gov/ns/rmf" value="system" />
                <link href="#ac-17" rel="required" />
                <link href="#au-2" rel="related" />
                <link
                    href="https://raw.githubusercontent.com/usnistgov/oscal-content/main/nist.gov/SP800-53/rev5/xml/NIST_SP-800-53_rev5_MODERATE-baseline_profile.xml#au-6"
                    rel="related" />
                <link href="#au-12" rel="related" />
                <link
                    href="https://raw.githubusercontent.com/usnistgov/oscal-content/main/nist.gov/SP800-53/rev5/xml/NIST_SP-800-53_rev5_catalog.xml#au-14"
                    rel="related" />
                <part id="ac-17.1_smt" name="statement">
                    <p>Employ automated mechanisms to monitor and control remote access methods.</p>
                </part>
                <part id="ac-17.1_gdn" name="guidance">
                    <p>Monitoring and control of remote access methods allows organizations to
                        detect attacks and help ensure compliance with remote access policies by
                        auditing the connection activities of remote users on a variety of system
                        components, including servers, notebook computers, workstations, smart
                        phones, and tablets. Audit logging for remote access is enforced by <a
                            href="#au-2">AU-2</a> . Audit events are defined in <a
                            href="#au-2_smt.a">AU-2a</a>.</p>
                </part>
                <part id="ac-17.1_obj" name="assessment-objective">
                    <prop name="label" value="AC-17(01)" class="sp800-53a" />
                    <part id="ac-17.1_obj-1" name="assessment-objective">
                        <prop name="label" value="AC-17(01)[01]" class="sp800-53a" />
                        <p>automated mechanisms are employed to monitor remote access methods;</p>
                        <link href="#ac-17.1_smt" rel="assessment-for" />
                    </part>
                    <part id="ac-17.1_obj-2" name="assessment-objective">
                        <prop name="label" value="AC-17(01)[02]" class="sp800-53a" />
                        <p>automated mechanisms are employed to control remote access methods.</p>
                        <link href="#ac-17.1_smt" rel="assessment-for" />
                    </part>
                    <link href="#ac-17.1_smt" rel="assessment-for" />
                </part>
                <part id="ac-17.1_asm-examine" name="assessment-method">
                    <prop name="method" ns="http://csrc.nist.gov/ns/rmf" value="EXAMINE" />
                    <prop name="label" value="AC-17(01)-Examine" class="sp800-53a" />
                    <part name="assessment-objects">
                        <p>Access control policy</p>
                        <p>procedures addressing remote access to the system</p>
                        <p>system design documentation</p>
                        <p>system configuration settings and associated documentation</p>
                        <p>system audit records</p>
                        <p>system monitoring records</p>
                        <p>system security plan</p>
                        <p>other relevant documents or records</p>
                    </part>
                </part>
                <part id="ac-17.1_asm-interview" name="assessment-method">
                    <prop name="method" ns="http://csrc.nist.gov/ns/rmf" value="INTERVIEW" />
                    <prop name="label" value="AC-17(01)-Interview" class="sp800-53a" />
                    <part name="assessment-objects">
                        <p>System/network administrators</p>
                        <p>organizational personnel with information security responsibilities</p>
                        <p>system developers</p>
                    </part>
                </part>
                <part id="ac-17.1_asm-test" name="assessment-method">
                    <prop name="method" ns="http://csrc.nist.gov/ns/rmf" value="TEST" />
                    <prop name="label" value="AC-17(01)-Test" class="sp800-53a" />
                    <part name="assessment-objects">
                        <p>Automated mechanisms monitoring and controlling remote access methods</p>
                    </part>
                </part>
            </control>
            <control id="ac-17.2" class="SP800-53-enhancement">
                <title>Protection of Confidentiality and Integrity Using Encryption</title>
                <prop name="label" value="AC-17(02)" class="zero-padded" />
                <prop name="label" value="AC-17(2)" />
                <prop name="label" value="AC-17(02)" class="sp800-53a" />
                <prop name="sort-id" value="ac-17.02" />
                <prop name="implementation-level" ns="http://csrc.nist.gov/ns/rmf" value="system" />
                <link href="#ac-17" rel="required" />
                <link
                    href="https://raw.githubusercontent.com/usnistgov/oscal-content/main/nist.gov/SP800-53/rev5/xml/NIST_SP-800-53_rev5_MODERATE-baseline_profile.xml#sc-8"
                    rel="related" />
                <link
                    href="https://raw.githubusercontent.com/usnistgov/oscal-content/main/nist.gov/SP800-53/rev5/xml/NIST_SP-800-53_rev5_MODERATE-baseline_profile.xml#sc-12"
                    rel="related" />
                <link
                    href="https://raw.githubusercontent.com/usnistgov/oscal-content/main/nist.gov/SP800-53/rev5/xml/NIST_SP-800-53_rev5_MODERATE-baseline_profile.xml#sc-13"
                    rel="related" />
                <part id="ac-17.2_smt" name="statement">
                    <p>Implement cryptographic mechanisms to protect the confidentiality and
                        integrity of remote access sessions.</p>
                </part>
                <part id="ac-17.2_gdn" name="guidance">
                    <p>Virtual private networks can be used to protect the confidentiality and
                        integrity of remote access sessions. Transport Layer Security (TLS) is an
                        example of a cryptographic protocol that provides end-to-end communications
                        security over networks and is used for Internet communications and online
                        transactions.</p>
                </part>
                <part id="ac-17.2_obj" name="assessment-objective">
                    <prop name="label" value="AC-17(02)" class="sp800-53a" />
                    <p>cryptographic mechanisms are implemented to protect the confidentiality and
                        integrity of remote access sessions.</p>
                    <link href="#ac-17.2_smt" rel="assessment-for" />
                </part>
                <part id="ac-17.2_asm-examine" name="assessment-method">
                    <prop name="method" ns="http://csrc.nist.gov/ns/rmf" value="EXAMINE" />
                    <prop name="label" value="AC-17(02)-Examine" class="sp800-53a" />
                    <part name="assessment-objects">
                        <p>Access control policy</p>
                        <p>procedures addressing remote access to the system</p>
                        <p>system design documentation</p>
                        <p>system configuration settings and associated documentation</p>
                        <p>cryptographic mechanisms and associated configuration documentation</p>
                        <p>system audit records</p>
                        <p>system security plan</p>
                        <p>other relevant documents or records</p>
                    </part>
                </part>
                <part id="ac-17.2_asm-interview" name="assessment-method">
                    <prop name="method" ns="http://csrc.nist.gov/ns/rmf" value="INTERVIEW" />
                    <prop name="label" value="AC-17(02)-Interview" class="sp800-53a" />
                    <part name="assessment-objects">
                        <p>System/network administrators</p>
                        <p>organizational personnel with information security responsibilities</p>
                        <p>system developers</p>
                    </part>
                </part>
                <part id="ac-17.2_asm-test" name="assessment-method">
                    <prop name="method" ns="http://csrc.nist.gov/ns/rmf" value="TEST" />
                    <prop name="label" value="AC-17(02)-Test" class="sp800-53a" />
                    <part name="assessment-objects">
                        <p>Cryptographic mechanisms protecting confidentiality and integrity of
                            remote access sessions</p>
                    </part>
                </part>
            </control>
            <control id="ac-17.3" class="SP800-53-enhancement">
                <title>Managed Access Control Points</title>
                <prop name="label" value="AC-17(03)" class="zero-padded" />
                <prop name="label" value="AC-17(3)" />
                <prop name="label" value="AC-17(03)" class="sp800-53a" />
                <prop name="sort-id" value="ac-17.03" />
                <prop name="implementation-level" ns="http://csrc.nist.gov/ns/rmf" value="system" />
                <link href="#ac-17" rel="required" />
                <link href="#sc-7" rel="related" />
                <part id="ac-17.3_smt" name="statement">
                    <p>Route remote accesses through authorized and managed network access control
                        points.</p>
                </part>
                <part id="ac-17.3_gdn" name="guidance">
                    <p>Organizations consider the Trusted Internet Connections (TIC) initiative <a
                            href="#4f42ee6e-86cc-403b-a51f-76c2b4f81b54">DHS TIC</a> requirements
                        for external network connections since limiting the number of access control
                        points for remote access reduces attack surfaces.</p>
                </part>
                <part id="ac-17.3_obj" name="assessment-objective">
                    <prop name="label" value="AC-17(03)" class="sp800-53a" />
                    <p>remote accesses are routed through authorized and managed network access
                        control points.</p>
                    <link href="#ac-17.3_smt" rel="assessment-for" />
                </part>
                <part id="ac-17.3_asm-examine" name="assessment-method">
                    <prop name="method" ns="http://csrc.nist.gov/ns/rmf" value="EXAMINE" />
                    <prop name="label" value="AC-17(03)-Examine" class="sp800-53a" />
                    <part name="assessment-objects">
                        <p>Access control policy</p>
                        <p>procedures addressing remote access to the system</p>
                        <p>system design documentation</p>
                        <p>list of all managed network access control points</p>
                        <p>system configuration settings and associated documentation</p>
                        <p>system audit records</p>
                        <p>system security plan</p>
                        <p>other relevant documents or records</p>
                    </part>
                </part>
                <part id="ac-17.3_asm-interview" name="assessment-method">
                    <prop name="method" ns="http://csrc.nist.gov/ns/rmf" value="INTERVIEW" />
                    <prop name="label" value="AC-17(03)-Interview" class="sp800-53a" />
                    <part name="assessment-objects">
                        <p>System/network administrators</p>
                        <p>organizational personnel with information security responsibilities</p>
                    </part>
                </part>
                <part id="ac-17.3_asm-test" name="assessment-method">
                    <prop name="method" ns="http://csrc.nist.gov/ns/rmf" value="TEST" />
                    <prop name="label" value="AC-17(03)-Test" class="sp800-53a" />
                    <part name="assessment-objects">
                        <p>Mechanisms routing all remote accesses through managed network access
                            control points</p>
                    </part>
                </part>
            </control>
            <control id="ac-17.4" class="SP800-53-enhancement">
                <title>Privileged Commands and Access</title>
                <param id="ac-17.4_prm_1">
                    <prop name="aggregates" ns="http://csrc.nist.gov/ns/rmf" value="ac-17.04_odp.01" />
                    <prop name="aggregates" ns="http://csrc.nist.gov/ns/rmf" value="ac-17.04_odp.02" />
                    <label>organization-defined needs</label>
                </param>
                <param id="ac-17.04_odp.01">
                    <prop name="label" value="AC-17(04)_ODP[01]" class="sp800-53a" />
                    <label>needs requiring remote access</label>
                    <guideline>
                        <p>needs requiring execution of privileged commands via remote access are
                            defined;</p>
                    </guideline>
                </param>
                <param id="ac-17.04_odp.02">
                    <prop name="label" value="AC-17(04)_ODP[02]" class="sp800-53a" />
                    <label>needs requiring remote access</label>
                    <guideline>
                        <p>needs requiring access to security-relevant information via remote access
                            are defined;</p>
                    </guideline>
                </param>
                <prop name="label" value="AC-17(04)" class="zero-padded" />
                <prop name="label" value="AC-17(4)" />
                <prop name="label" value="AC-17(04)" class="sp800-53a" />
                <prop name="sort-id" value="ac-17.04" />
                <prop name="implementation-level" ns="http://csrc.nist.gov/ns/rmf"
                    value="organization" />
                <link href="#ac-17" rel="required" />
                <link href="#ac-6" rel="related" />
                <link
                    href="https://raw.githubusercontent.com/usnistgov/oscal-content/main/nist.gov/SP800-53/rev5/xml/NIST_SP-800-53_rev5_MODERATE-baseline_profile.xml#sc-12"
                    rel="related" />
                <link
                    href="https://raw.githubusercontent.com/usnistgov/oscal-content/main/nist.gov/SP800-53/rev5/xml/NIST_SP-800-53_rev5_MODERATE-baseline_profile.xml#sc-13"
                    rel="related" />
                <part id="ac-17.4_smt" name="statement">
                    <part id="ac-17.4_smt.a" name="item">
                        <prop name="label" value="(a)" />
                        <p>Authorize the execution of privileged commands and access to
                            security-relevant information via remote access only in a format that
                            provides assessable evidence and for the following needs: <insert
                                type="param" id-ref="ac-17.4_prm_1" /> ; and</p>
                    </part>
                    <part id="ac-17.4_smt.b" name="item">
                        <prop name="label" value="(b)" />
                        <p>Document the rationale for remote access in the security plan for the
                            system.</p>
                    </part>
                </part>
                <part id="ac-17.4_gdn" name="guidance">
                    <p>Remote access to systems represents a significant potential vulnerability
                        that can be exploited by adversaries. As such, restricting the execution of
                        privileged commands and access to security-relevant information via remote
                        access reduces the exposure of the organization and the susceptibility to
                        threats by adversaries to the remote access capability.</p>
                </part>
                <part id="ac-17.4_obj" name="assessment-objective">
                    <prop name="label" value="AC-17(04)" class="sp800-53a" />
                    <part id="ac-17.4_obj.a" name="assessment-objective">
                        <prop name="label" value="AC-17(04)(a)" class="sp800-53a" />
                        <part id="ac-17.4_obj.a-1" name="assessment-objective">
                            <prop name="label" value="AC-17(04)(a)[01]" class="sp800-53a" />
                            <p>the execution of privileged commands via remote access is authorized
                                only in a format that provides assessable evidence;</p>
                            <link href="#ac-17.4_smt.a" rel="assessment-for" />
                        </part>
                        <part id="ac-17.4_obj.a-2" name="assessment-objective">
                            <prop name="label" value="AC-17(04)(a)[02]" class="sp800-53a" />
                            <p>access to security-relevant information via remote access is
                                authorized only in a format that provides assessable evidence;</p>
                            <link href="#ac-17.4_smt.a" rel="assessment-for" />
                        </part>
                        <part id="ac-17.4_obj.a-3" name="assessment-objective">
                            <prop name="label" value="AC-17(04)(a)[03]" class="sp800-53a" />
                            <p>the execution of privileged commands via remote access is authorized
                                only for the following needs: <insert type="param"
                                    id-ref="ac-17.04_odp.01" />;</p>
                            <link href="#ac-17.4_smt.a" rel="assessment-for" />
                        </part>
                        <part id="ac-17.4_obj.a-4" name="assessment-objective">
                            <prop name="label" value="AC-17(04)(a)[04]" class="sp800-53a" />
                            <p>access to security-relevant information via remote access is
                                authorized only for the following needs: <insert type="param"
                                    id-ref="ac-17.04_odp.02" />;</p>
                            <link href="#ac-17.4_smt.a" rel="assessment-for" />
                        </part>
                        <link href="#ac-17.4_smt.a" rel="assessment-for" />
                    </part>
                    <part id="ac-17.4_obj.b" name="assessment-objective">
                        <prop name="label" value="AC-17(04)(b)" class="sp800-53a" />
                        <p>the rationale for remote access is documented in the security plan for
                            the system.</p>
                        <link href="#ac-17.4_smt.b" rel="assessment-for" />
                    </part>
                    <link href="#ac-17.4_smt" rel="assessment-for" />
                </part>
                <part id="ac-17.4_asm-examine" name="assessment-method">
                    <prop name="method" ns="http://csrc.nist.gov/ns/rmf" value="EXAMINE" />
                    <prop name="label" value="AC-17(04)-Examine" class="sp800-53a" />
                    <part name="assessment-objects">
                        <p>Access control policy</p>
                        <p>procedures addressing remote access to the system</p>
                        <p>system configuration settings and associated documentation</p>
                        <p>security plan</p>
                        <p>system audit records</p>
                        <p>system security plan</p>
                        <p>other relevant documents or records</p>
                    </part>
                </part>
                <part id="ac-17.4_asm-interview" name="assessment-method">
                    <prop name="method" ns="http://csrc.nist.gov/ns/rmf" value="INTERVIEW" />
                    <prop name="label" value="AC-17(04)-Interview" class="sp800-53a" />
                    <part name="assessment-objects">
                        <p>System/network administrators</p>
                        <p>organizational personnel with information security responsibilities</p>
                    </part>
                </part>
                <part id="ac-17.4_asm-test" name="assessment-method">
                    <prop name="method" ns="http://csrc.nist.gov/ns/rmf" value="TEST" />
                    <prop name="label" value="AC-17(04)-Test" class="sp800-53a" />
                    <part name="assessment-objects">
                        <p>Mechanisms implementing remote access management</p>
                    </part>
                </part>
            </control>
        </control>
    </group>
    
    
    
    
    
    <back-matter>
        <resource uuid="4f42ee6e-86cc-403b-a51f-76c2b4f81b54">
            <title>DHS TIC</title>
            <citation>
                <text>Department of Homeland Security, <em>Trusted Internet Connections (TIC)</em>.</text>
            </citation>
            <rlink href="https://www.dhs.gov/trusted-internet-connections" />
        </resource>
        <resource uuid="678e3d6c-150b-4393-aec5-6e3481eb1e00">
            <title>FIPS 140-3</title>
            <citation>
                <text>National Institute of Standards and Technology (2019) Security Requirements
                    for Cryptographic Modules. (U.S. Department of Commerce, Washington, D.C.),
                    Federal Information Processing Standards Publication (FIPS) 140-3.</text>
            </citation>
            <rlink href="https://doi.org/10.6028/NIST.FIPS.140-3" />
        </resource>
        <resource uuid="628d22a1-6a11-4784-bc59-5cd9497b5445">
            <title>FIPS 199</title>
            <citation>
                <text>National Institute of Standards and Technology (2004) Standards for Security
                    Categorization of Federal Information and Information Systems. (U.S. Department
                    of Commerce, Washington, D.C.), Federal Information Processing Standards
                    Publication (FIPS) 199.</text>
            </citation>
            <rlink href="https://doi.org/10.6028/NIST.FIPS.199" />
        </resource>
        <resource uuid="7ba1d91c-3934-4d5a-8532-b32f864ad34c">
            <title>FIPS 201-2</title>
            <citation>
                <text>National Institute of Standards and Technology (2013) Personal Identity
                    Verification (PIV) of Federal Employees and Contractors. (U.S. Department of
                    Commerce, Washington, D.C.), Federal Information Processing Standards
                    Publication (FIPS) 201-2.</text>
            </citation>
            <rlink href="https://doi.org/10.6028/NIST.FIPS.201-2" />
        </resource>
        <resource uuid="a295ca19-8c75-4b4c-8800-98024732e181">
            <title>FIPS 202</title>
            <citation>
                <text>National Institute of Standards and Technology (2015) SHA-3 Standard:
                    Permutation-Based Hash and Extendable-Output Functions. (U.S. Department of
                    Commerce, Washington, D.C.), Federal Information Processing Standards
                    Publication (FIPS) 202.</text>
            </citation>
            <rlink href="https://doi.org/10.6028/NIST.FIPS.202" />
        </resource>
        <resource uuid="f16e438e-7114-4144-bfe2-2dfcad8cb2d0">
            <title>HSPD 12</title>
            <citation>
                <text>Homeland Security Presidential Directive 12, Policy for a Common
                    Identification Standard for Federal Employees and Contractors, August 2004.</text>
            </citation>
            <rlink href="https://www.dhs.gov/homeland-security-presidential-directive-12" />
        </resource>
        <resource uuid="15dc76ff-b17a-4eeb-8948-8ea8de3ccc2c">
            <title>IR 7539</title>
            <citation>
                <text>Cooper DA, MacGregor WI (2008) Symmetric Key Injection onto Smart Cards.
                    (National Institute of Standards and Technology, Gaithersburg, MD), NIST
                    Interagency or Internal Report (IR) 7539.</text>
            </citation>
            <rlink href="https://doi.org/10.6028/NIST.IR.7539" />
        </resource>
        <resource uuid="4b38e961-1125-4a5b-aa35-1d6c02846dad">
            <title>IR 7676</title>
            <citation>
                <text>Cooper DA (2010) Maintaining and Using Key History on Personal Identity
                    Verification (PIV) Cards. (National Institute of Standards and Technology,
                    Gaithersburg, MD), NIST Interagency or Internal Report (IR) 7676.</text>
            </citation>
            <rlink href="https://doi.org/10.6028/NIST.IR.7676" />
        </resource>
        <resource uuid="aa5d04e0-6090-4e17-84d4-b9963d55fc2c">
            <title>IR 7788</title>
            <citation>
                <text>Singhal A, Ou X (2011) Security Risk Analysis of Enterprise Networks Using
                    Probabilistic Attack Graphs. (National Institute of Standards and Technology,
                    Gaithersburg, MD), NIST Interagency or Internal Report (IR) 7788.</text>
            </citation>
            <rlink href="https://doi.org/10.6028/NIST.IR.7788" />
        </resource>
        <resource uuid="91701292-8bcd-4d2e-a5bd-59ab61e34b3c">
            <title>IR 7817</title>
            <citation>
                <text>Ferraiolo H (2012) A Credential Reliability and Revocation Model for Federated
                    Identities. (National Institute of Standards and Technology, Gaithersburg, MD),
                    NIST Interagency or Internal Report (IR) 7817.</text>
            </citation>
            <rlink href="https://doi.org/10.6028/NIST.IR.7817" />
        </resource>
        <resource uuid="4f5f51ac-2b8d-4b90-a3c7-46f56e967617">
            <title>IR 7849</title>
            <citation>
                <text>Chandramouli R (2014) A Methodology for Developing Authentication Assurance
                    Level Taxonomy for Smart Card-based Identity Verification. (National Institute
                    of Standards and Technology, Gaithersburg, MD), NIST Interagency or Internal
                    Report (IR) 7849.</text>
            </citation>
            <rlink href="https://doi.org/10.6028/NIST.IR.7849" />
        </resource>
        <resource uuid="604774da-9e1d-48eb-9c62-4e959dc80737">
            <title>IR 7870</title>
            <citation>
                <text>Cooper DA (2012) NIST Test Personal Identity Verification (PIV) Cards.
                    (National Institute of Standards and Technology, Gaithersburg, MD), NIST
                    Interagency or Internal Report (IR) 7870.</text>
            </citation>
            <rlink href="https://doi.org/10.6028/NIST.IR.7870" />
        </resource>
        <resource uuid="7f473f21-fdbf-4a6c-81a1-0ab95919609d">
            <title>IR 7874</title>
            <citation>
                <text>Hu VC, Scarfone KA (2012) Guidelines for Access Control System Evaluation
                    Metrics. (National Institute of Standards and Technology, Gaithersburg, MD),
                    NIST Interagency or Internal Report (IR) 7874.</text>
            </citation>
            <rlink href="https://doi.org/10.6028/NIST.IR.7874" />
        </resource>
        <resource uuid="3915a084-b87b-4f02-83d4-c369e746292f">
            <title>IR 7966</title>
            <citation>
                <text>Ylonen T, Turner P, Scarfone KA, Souppaya MP (2015) Security of Interactive
                    and Automated Access Management Using Secure Shell (SSH). (National Institute of
                    Standards and Technology, Gaithersburg, MD), NIST Interagency or Internal Report
                    (IR) 7966.</text>
            </citation>
            <rlink href="https://doi.org/10.6028/NIST.IR.7966" />
        </resource>
        <resource uuid="d2ebec9b-f868-4ee1-a2bd-0b2282aed248">
            <title>IR 8011-4</title>
            <citation>
                <text>Dempsey KL, Takamura E, Eavy P, Moore G (2020) Automation Support for Security
                    Control Assessments: Volume 4: Software Vulnerability Management. (National
                    Institute of Standards and Technology, Gaithersburg, MD), NIST Interagency or
                    Internal Report (IR) 8011, Volume 4.</text>
            </citation>
            <rlink href="https://doi.org/10.6028/NIST.IR.8011-4" />
        </resource>
        <resource uuid="4c501da5-9d79-4cb6-ba80-97260e1ce327">
            <title>IR 8023</title>
            <citation>
                <text>Dempsey KL, Paulsen C (2015) Risk Management for Replication Devices.
                    (National Institute of Standards and Technology, Gaithersburg, MD), NIST
                    Interagency or Internal Report (IR) 8023.</text>
            </citation>
            <rlink href="https://doi.org/10.6028/NIST.IR.8023" />
        </resource>
        <resource uuid="98d415ca-7281-4064-9931-0c366637e324">
            <title>IR 8062</title>
            <citation>
                <text>Brooks S, Garcia M, Lefkovitz N, Lightman S, Nadeau E (2017) An Introduction
                    to Privacy Engineering and Risk Management in Federal Systems. (National
                    Institute of Standards and Technology, Gaithersburg, MD), NIST Interagency or
                    Internal Report (IR) 8062.</text>
            </citation>
            <rlink href="https://doi.org/10.6028/NIST.IR.8062" />
        </resource>
        <resource uuid="4452efc0-e79e-47b8-aa30-b54f3ef61c2f">
            <title>ISO 15408-3</title>
            <citation>
                <text>International Organization for Standardization/International Electrotechnical
                    Commission 15408-3:2008, <em>Information technology—Security techniques —
                    Evaluation criteria for IT security — Part 3: Security assurance requirements</em>
                    , April 2017.</text>
            </citation>
            <rlink href="https://www.commoncriteriaportal.org/files/ccfiles/CCPART3V3.1R5.pdf" />
        </resource>
        <resource uuid="8df72805-2e5c-4731-a73e-81db0f0318d0">
            <title>ISO 29147</title>
            <citation>
                <text>International Organization for Standardization/International Electrotechnical
                    Commission 29147:2018, <em>Information technology—Security
                    techniques—Vulnerability disclosure</em> , October 2018.</text>
            </citation>
            <rlink href="https://www.iso.org/standard/72311.html" />
        </resource>
        <resource uuid="27847491-5ce1-4f6a-a1e4-9e483782f0ef">
            <title>OMB A-130</title>
            <citation>
                <text>Office of Management and Budget Memorandum Circular A-130, <em>Managing
                    Information as a Strategic Resource</em> , July 2016.</text>
            </citation>
            <rlink
                href="https://www.whitehouse.gov/sites/whitehouse.gov/files/omb/circulars/A130/a130revised.pdf" />
        </resource>
        <resource uuid="18e71fec-c6fd-475a-925a-5d8495cf8455">
            <title>PRIVACT</title>
            <citation>
                <text>Privacy Act (P.L. 93-579), December 1974.</text>
            </citation>
            <rlink href="https://www.govinfo.gov/content/pkg/STATUTE-88/pdf/STATUTE-88-Pg1896.pdf" />
        </resource>
        <resource uuid="6bc4d137-aece-42a8-8081-9ecb1ebe9fb4">
            <title>SP 800-113</title>
            <citation>
                <text>Frankel SE, Hoffman P, Orebaugh AD, Park R (2008) Guide to SSL VPNs. (National
                    Institute of Standards and Technology, Gaithersburg, MD), NIST Special
                    Publication (SP) 800-113.</text>
            </citation>
            <rlink href="https://doi.org/10.6028/NIST.SP.800-113" />
        </resource>
        <resource uuid="42e37e51-7cc0-4ffa-81c9-0ac942da7e99">
            <title>SP 800-114</title>
            <citation>
                <text>Souppaya MP, Scarfone KA (2016) User's Guide to Telework and Bring Your Own
                    Device (BYOD) Security. (National Institute of Standards and Technology,
                    Gaithersburg, MD), NIST Special Publication (SP) 800-114, Rev. 1.</text>
            </citation>
            <rlink href="https://doi.org/10.6028/NIST.SP.800-114r1" />
        </resource>
        <resource uuid="122177fa-c4ed-485d-8345-3082c0fb9a06">
            <title>SP 800-115</title>
            <citation>
                <text>Scarfone KA, Souppaya MP, Cody A, Orebaugh AD (2008) Technical Guide to
                    Information Security Testing and Assessment. (National Institute of Standards
                    and Technology, Gaithersburg, MD), NIST Special Publication (SP) 800-115.</text>
            </citation>
            <rlink href="https://doi.org/10.6028/NIST.SP.800-115" />
        </resource>
        <resource uuid="d17ebd7a-ffab-499d-bfff-e705bbb01fa6">
            <title>SP 800-121</title>
            <citation>
                <text>Padgette J, Bahr J, Holtmann M, Batra M, Chen L, Smithbey R, Scarfone KA
                    (2017) Guide to Bluetooth Security. (National Institute of Standards and
                    Technology, Gaithersburg, MD), NIST Special Publication (SP) 800-121, Rev. 2.</text>
            </citation>
            <rlink href="https://doi.org/10.6028/NIST.SP.800-121r2" />
        </resource>
        <resource uuid="0f66be67-85e7-4ca6-bd19-39453e9f4394">
            <title>SP 800-124</title>
            <citation>
                <text>Souppaya MP, Scarfone KA (2013) Guidelines for Managing the Security of Mobile
                    Devices in the Enterprise. (National Institute of Standards and Technology,
                    Gaithersburg, MD), NIST Special Publication (SP) 800-124, Rev. 1.</text>
            </citation>
            <rlink href="https://doi.org/10.6028/NIST.SP.800-124r1" />
        </resource>
        <resource uuid="8016d2ed-d30f-4416-9c45-0f42c7aa3232">
            <title>SP 800-126</title>
            <citation>
                <text>Waltermire DA, Quinn SD, Booth H, III, Scarfone KA, Prisaca D (2018) The
                    Technical Specification for the Security Content Automation Protocol (SCAP):
                    SCAP Version 1.3. (National Institute of Standards and Technology, Gaithersburg,
                    MD), NIST Special Publication (SP) 800-126, Rev. 3.</text>
            </citation>
            <rlink href="https://doi.org/10.6028/NIST.SP.800-126r3" />
        </resource>
        <resource uuid="708b94e1-3d5e-4b22-ab43-1c69f3a97e37">
            <title>SP 800-154</title>
            <citation>
                <text>Souppaya MP, Scarfone KA (2016) Guide to Data-Centric System Threat Modeling.
                    (National Institute of Standards and Technology, Gaithersburg, MD), Draft NIST
                    Special Publication (SP) 800-154.</text>
            </citation>
            <rlink href="https://csrc.nist.gov/publications/detail/sp/800-154/draft" />
        </resource>
        <resource uuid="d9e036ba-6eec-46a6-9340-b0bf1fea23b4">
            <title>SP 800-156</title>
            <citation>
                <text>Ferraiolo H, Chandramouli R, Mehta KL, Mohler J, Skordinski S, Brady S (2016)
                    Representation of PIV Chain-of-Trust for Import and Export. (National Institute
                    of Standards and Technology, Gaithersburg, MD), NIST Special Publication (SP)
                    800-156.</text>
            </citation>
            <rlink href="https://doi.org/10.6028/NIST.SP.800-156" />
        </resource>
        <resource uuid="e3cc0520-a366-4fc9-abc2-5272db7e3564">
            <title>SP 800-160-1</title>
            <citation>
                <text>Ross RS, Oren JC, McEvilley M (2016) Systems Security Engineering:
                    Considerations for a Multidisciplinary Approach in the Engineering of
                    Trustworthy Secure Systems. (National Institute of Standards and Technology,
                    Gaithersburg, MD), NIST Special Publication (SP) 800-160, Vol. 1, Includes
                    updates as of March 21, 2018.</text>
            </citation>
            <rlink href="https://doi.org/10.6028/NIST.SP.800-160v1" />
        </resource>
        <resource uuid="2956e175-f674-43f4-b1b9-e074ad9fc39c">
            <title>SP 800-162</title>
            <citation>
                <text>Hu VC, Ferraiolo DF, Kuhn R, Schnitzer A, Sandlin K, Miller R, Scarfone KA
                    (2014) Guide to Attribute Based Access Control (ABAC) Definition and
                    Considerations. (National Institute of Standards and Technology, Gaithersburg,
                    MD), NIST Special Publication (SP) 800-162, Includes updates as of August 2,
                    2019.</text>
            </citation>
            <rlink href="https://doi.org/10.6028/NIST.SP.800-162" />
        </resource>
        <resource uuid="e8552d48-cf41-40aa-8b06-f45f7fb4706c">
            <title>SP 800-166</title>
            <citation>
                <text>Cooper DA, Ferraiolo H, Chandramouli R, Ghadiali N, Mohler J, Brady S (2016)
                    Derived PIV Application and Data Model Test Guidelines. (National Institute of
                    Standards and Technology, Gaithersburg, MD), NIST Special Publication (SP)
                    800-166.</text>
            </citation>
            <rlink href="https://doi.org/10.6028/NIST.SP.800-166" />
        </resource>
        <resource uuid="388a3aa2-5d85-4bad-b8a3-77db80d63c4f">
            <title>SP 800-178</title>
            <citation>
                <text>Ferraiolo DF, Hu VC, Kuhn R, Chandramouli R (2016) A Comparison of Attribute
                    Based Access Control (ABAC) Standards for Data Service Applications: Extensible
                    Access Control Markup Language (XACML) and Next Generation Access Control
                    (NGAC). (National Institute of Standards and Technology, Gaithersburg, MD), NIST
                    Special Publication (SP) 800-178.</text>
            </citation>
            <rlink href="https://doi.org/10.6028/NIST.SP.800-178" />
        </resource>
        <resource uuid="f5edfe51-d1f2-422e-9b27-5d0e90b49c72">
            <title>SP 800-189</title>
            <citation>
                <text>Sriram K, Montgomery D (2019) Resilient Interdomain Traffic Exchange: BGP
                    Security and DDoS Mitigation. (National Institute of Standards and Technology,
                    Gaithersburg, MD), NIST Special Publication (SP) 800-189.</text>
            </citation>
            <rlink href="https://doi.org/10.6028/NIST.SP.800-189" />
        </resource>
        <resource uuid="53df282b-8b3f-483a-bad1-6a8b8ac00114">
            <title>SP 800-192</title>
            <citation>
                <text>Yaga DJ, Kuhn R, Hu VC (2017) Verification and Test Methods for Access Control
                    Policies/Models. (National Institute of Standards and Technology, Gaithersburg,
                    MD), NIST Special Publication (SP) 800-192.</text>
            </citation>
            <rlink href="https://doi.org/10.6028/NIST.SP.800-192" />
        </resource>
        <resource uuid="08b07465-dbdc-48d6-8a0b-37279602ac16">
            <title>SP 800-30</title>
            <citation>
                <text>Joint Task Force Transformation Initiative (2012) Guide for Conducting Risk
                    Assessments. (National Institute of Standards and Technology, Gaithersburg, MD),
                    NIST Special Publication (SP) 800-30, Rev. 1.</text>
            </citation>
            <rlink href="https://doi.org/10.6028/NIST.SP.800-30r1" />
        </resource>
        <resource uuid="482e4c99-9dc4-41ad-bba8-0f3f0032c1f8">
            <title>SP 800-37</title>
            <citation>
                <text>Joint Task Force (2018) Risk Management Framework for Information Systems and
                    Organizations: A System Life Cycle Approach for Security and Privacy. (National
                    Institute of Standards and Technology, Gaithersburg, MD), NIST Special
                    Publication (SP) 800-37, Rev. 2.</text>
            </citation>
            <rlink href="https://doi.org/10.6028/NIST.SP.800-37r2" />
        </resource>
        <resource uuid="155f941a-cba9-4afd-9ca6-5d040d697ba9">
            <title>SP 800-40</title>
            <citation>
                <text>Souppaya MP, Scarfone KA (2013) Guide to Enterprise Patch Management
                    Technologies. (National Institute of Standards and Technology, Gaithersburg,
                    MD), NIST Special Publication (SP) 800-40, Rev. 3.</text>
            </citation>
            <rlink href="https://doi.org/10.6028/NIST.SP.800-40r3" />
        </resource>
        <resource uuid="a7f0e897-29a3-45c4-bd88-40dfef0e034a">
            <title>SP 800-41</title>
            <citation>
                <text>Scarfone KA, Hoffman P (2009) Guidelines on Firewalls and Firewall Policy.
                    (National Institute of Standards and Technology, Gaithersburg, MD), NIST Special
                    Publication (SP) 800-41, Rev. 1.</text>
            </citation>
            <rlink href="https://doi.org/10.6028/NIST.SP.800-41r1" />
        </resource>
        <resource uuid="83b9d63b-66b1-467c-9f3b-3a0b108771e9">
            <title>SP 800-46</title>
            <citation>
                <text>Souppaya MP, Scarfone KA (2016) Guide to Enterprise Telework, Remote Access,
                    and Bring Your Own Device (BYOD) Security. (National Institute of Standards and
                    Technology, Gaithersburg, MD), NIST Special Publication (SP) 800-46, Rev. 2.</text>
            </citation>
            <rlink href="https://doi.org/10.6028/NIST.SP.800-46r2" />
        </resource>
        <resource uuid="a21aef46-7330-48a0-b2e1-c5bb8b2dd11d">
            <title>SP 800-53A</title>
            <citation>
                <text>Joint Task Force Transformation Initiative (2014) Assessing Security and
                    Privacy Controls in Federal Information Systems and Organizations: Building
                    Effective Assessment Plans. (National Institute of Standards and Technology,
                    Gaithersburg, MD), NIST Special Publication (SP) 800-53A, Rev. 4, Includes
                    updates as of December 18, 2014.</text>
            </citation>
            <rlink href="https://doi.org/10.6028/NIST.SP.800-53Ar4" />
        </resource>
        <resource uuid="110e26af-4765-49e1-8740-6750f83fcda1">
            <title>SP 800-57-1</title>
            <citation>
                <text>Barker EB (2020) Recommendation for Key Management: Part 1 – General.
                    (National Institute of Standards and Technology, Gaithersburg, MD), NIST Special
                    Publication (SP) 800-57 Part 1, Rev. 5.</text>
            </citation>
            <rlink href="https://doi.org/10.6028/NIST.SP.800-57pt1r5" />
        </resource>
        <resource uuid="e7942589-e267-4a5a-a3d9-f39a7aae81f0">
            <title>SP 800-57-2</title>
            <citation>
                <text>Barker EB, Barker WC (2019) Recommendation for Key Management: Part 2 – Best
                    Practices for Key Management Organizations. (National Institute of Standards and
                    Technology, Gaithersburg, MD), NIST Special Publication (SP) 800-57 Part 2, Rev.
                    1.</text>
            </citation>
            <rlink href="https://doi.org/10.6028/NIST.SP.800-57pt2r1" />
        </resource>
        <resource uuid="8306620b-1920-4d73-8b21-12008528595f">
            <title>SP 800-57-3</title>
            <citation>
                <text>Barker EB, Dang QH (2015) Recommendation for Key Management, Part 3:
                    Application-Specific Key Management Guidance. (National Institute of Standards
                    and Technology, Gaithersburg, MD), NIST Special Publication (SP) 800-57 Part 3,
                    Rev. 1.</text>
            </citation>
            <rlink href="https://doi.org/10.6028/NIST.SP.800-57pt3r1" />
        </resource>
        <resource uuid="737513fa-6758-403f-831d-5ddab5e23cb3">
            <title>SP 800-63-3</title>
            <citation>
                <text>Grassi PA, Garcia ME, Fenton JL (2017) Digital Identity Guidelines. (National
                    Institute of Standards and Technology, Gaithersburg, MD), NIST Special
                    Publication (SP) 800-63-3, Includes updates as of March 2, 2020.</text>
            </citation>
            <rlink href="https://doi.org/10.6028/NIST.SP.800-63-3" />
        </resource>
        <resource uuid="4895b4cd-34c5-4667-bf8a-27d443c12047">
            <title>SP 800-70</title>
            <citation>
                <text>Quinn SD, Souppaya MP, Cook MR, Scarfone KA (2018) National Checklist Program
                    for IT Products: Guidelines for Checklist Users and Developers. (National
                    Institute of Standards and Technology, Gaithersburg, MD), NIST Special
                    Publication (SP) 800-70, Rev. 4.</text>
            </citation>
            <rlink href="https://doi.org/10.6028/NIST.SP.800-70r4" />
        </resource>
        <resource uuid="858705be-3c1f-48aa-a328-0ce398d95ef0">
            <title>SP 800-73-4</title>
            <citation>
                <text>Cooper DA, Ferraiolo H, Mehta KL, Francomacaro S, Chandramouli R, Mohler J
                    (2015) Interfaces for Personal Identity Verification. (National Institute of
                    Standards and Technology, Gaithersburg, MD), NIST Special Publication (SP)
                    800-73-4, Includes updates as of February 8, 2016.</text>
            </citation>
            <rlink href="https://doi.org/10.6028/NIST.SP.800-73-4" />
        </resource>
        <resource uuid="7af2e6ec-9f7e-4232-ad3f-09888eb0793a">
            <title>SP 800-76-2</title>
            <citation>
                <text>Grother PJ, Salamon WJ, Chandramouli R (2013) Biometric Specifications for
                    Personal Identity Verification. (National Institute of Standards and Technology,
                    Gaithersburg, MD), NIST Special Publication (SP) 800-76-2.</text>
            </citation>
            <rlink href="https://doi.org/10.6028/NIST.SP.800-76-2" />
        </resource>
        <resource uuid="d4d7c760-2907-403b-8b2a-767ca5370ecd">
            <title>SP 800-77</title>
            <citation>
                <text>Barker EB, Dang QH, Frankel SE, Scarfone KA, Wouters P (2020) Guide to IPsec
                    VPNs. (National Institute of Standards and Technology, Gaithersburg, MD), NIST
                    Special Publication (SP) 800-77, Rev. 1.</text>
            </citation>
            <rlink href="https://doi.org/10.6028/NIST.SP.800-77r1" />
        </resource>
        <resource uuid="828856bd-d7c4-427b-8b51-815517ec382d">
            <title>SP 800-78-4</title>
            <citation>
                <text>Polk T, Dodson DF, Burr WE, Ferraiolo H, Cooper DA (2015) Cryptographic
                    Algorithms and Key Sizes for Personal Identity Verification. (National Institute
                    of Standards and Technology, Gaithersburg, MD), NIST Special Publication (SP)
                    800-78-4.</text>
            </citation>
            <rlink href="https://doi.org/10.6028/NIST.SP.800-78-4" />
        </resource>
        <resource uuid="10963761-58fc-4b20-b3d6-b44a54daba03">
            <title>SP 800-79-2</title>
            <citation>
                <text>Ferraiolo H, Chandramouli R, Ghadiali N, Mohler J, Shorter S (2015) Guidelines
                    for the Authorization of Personal Identity Verification Card Issuers (PCI) and
                    Derived PIV Credential Issuers (DPCI). (National Institute of Standards and
                    Technology, Gaithersburg, MD), NIST Special Publication (SP) 800-79-2.</text>
            </citation>
            <rlink href="https://doi.org/10.6028/NIST.SP.800-79-2" />
        </resource>
        <resource uuid="5eee45d8-3313-4fdc-8d54-1742092bbdd6">
            <title>SP 800-92</title>
            <citation>
                <text>Kent K, Souppaya MP (2006) Guide to Computer Security Log Management.
                    (National Institute of Standards and Technology, Gaithersburg, MD), NIST Special
                    Publication (SP) 800-92.</text>
            </citation>
            <rlink href="https://doi.org/10.6028/NIST.SP.800-92" />
        </resource>
    </back-matter>
</catalog>